2019-11-29T15:26:58.170+00:00 INFO CBAS.bootstrap.AnalyticsNCApplication [main] Starting Couchbase Analytics driver, version: {"build.date":"Mon Oct 07 13:47:00 UTC 2019","build.number":"2895","build.version":"6.0.3-2895"}
2019-11-29T15:26:58.270+00:00 WARN CBAS.nc.NCAppRuntimeContext [main] Deleting the storage dir. initialRun = false, systemState = PERMANENT_DATA_LOSS
2019-11-29T15:26:58.461+00:00 WARN CBAS.cluster.NodeManager [Worker:ClusterController] +addNode: 1261062758c5b045ef2ab47d2962b13c
2019-11-29T15:26:59.474+00:00 WARN CBAS.server.AnalyticsHttpsServerInitializer [main] Configured SSL Context using configuration {"certificatePath":"/opt/couchbase/var/lib/couchbase/config/memcached-cert.pem","privateKeyPath":"/opt/couchbase/var/lib/couchbase/config/memcached-key.pem","clientCertAuthType":"NONE","supportedCiphers":["TLS_RSA_WITH_AES_128_CBC_SHA","TLS_RSA_WITH_AES_256_CBC_SHA","TLS_ECDHE_ECDSA_WITH_AES_256_CBC_SHA","TLS_ECDHE_RSA_WITH_AES_256_CBC_SHA","TLS_ECDHE_RSA_WITH_AES_128_GCM_SHA256","TLS_ECDHE_ECDSA_WITH_AES_128_GCM_SHA256"],"minTlsVersion":1.0,"supportedProtocols":["TLSv1","TLSv1.1","TLSv1.2"],"clientAuth":"NONE"} and native openssl version: BoringSSL-269484159
2019-11-29T15:27:01.728+00:00 WARN CBAS.recovery.AbstractCheckpointManager [Executor-9:1261062758c5b045ef2ab47d2962b13c] Reading checkpoint file: /opt/couchbase/var/lib/couchbase/data/@analytics/v_iodevice_0/txn-log/checkpoint_0
2019-11-29T15:27:02.138+00:00 WARN CBAS.rebalance.ReplicationUtil [Executor-3:ClusterController] Couldn't find additional candidate nodes for metadata replicas
2019-11-29T15:40:13.204+00:00 INFO CBAS.bootstrap.AnalyticsNCApplication [main] Starting Couchbase Analytics driver, version: {"build.date":"Mon Oct 07 13:47:00 UTC 2019","build.number":"2895","build.version":"6.0.3-2895"}
2019-11-29T15:40:13.294+00:00 WARN CBAS.recovery.AbstractCheckpointManager [main] Reading checkpoint file: /opt/couchbase/var/lib/couchbase/data/@analytics/v_iodevice_0/txn-log/checkpoint_0
2019-11-29T15:40:13.332+00:00 WARN CBAS.recovery.AbstractCheckpointManager [main] Reading checkpoint file: /opt/couchbase/var/lib/couchbase/data/@analytics/v_iodevice_0/txn-log/checkpoint_0
2019-11-29T15:40:13.375+00:00 WARN CBAS.recovery.AbstractCheckpointManager [main] Reading checkpoint file: /opt/couchbase/var/lib/couchbase/data/@analytics/v_iodevice_0/txn-log/checkpoint_0
2019-11-29T15:40:13.383+00:00 WARN CBAS.recovery.AbstractCheckpointManager [main] Reading checkpoint file: /opt/couchbase/var/lib/couchbase/data/@analytics/v_iodevice_0/txn-log/checkpoint_0
2019-11-29T15:40:14.827+00:00 WARN CBAS.cluster.NodeManager [Worker:ClusterController] +addNode: 1261062758c5b045ef2ab47d2962b13c
2019-11-29T15:40:16.314+00:00 WARN CBAS.server.AnalyticsHttpsServerInitializer [main] Configured SSL Context using configuration {"certificatePath":"/opt/couchbase/var/lib/couchbase/config/memcached-cert.pem","privateKeyPath":"/opt/couchbase/var/lib/couchbase/config/memcached-key.pem","clientCertAuthType":"NONE","supportedCiphers":["TLS_RSA_WITH_AES_128_CBC_SHA","TLS_RSA_WITH_AES_256_CBC_SHA","TLS_ECDHE_ECDSA_WITH_AES_256_CBC_SHA","TLS_ECDHE_RSA_WITH_AES_256_CBC_SHA","TLS_ECDHE_RSA_WITH_AES_128_GCM_SHA256","TLS_ECDHE_ECDSA_WITH_AES_128_GCM_SHA256"],"minTlsVersion":1.0,"supportedProtocols":["TLSv1","TLSv1.1","TLSv1.2"],"clientAuth":"NONE"} and native openssl version: BoringSSL-269484159
2019-11-29T15:40:16.340+00:00 WARN CBAS.recovery.AbstractCheckpointManager [Executor-9:1261062758c5b045ef2ab47d2962b13c] Reading checkpoint file: /opt/couchbase/var/lib/couchbase/data/@analytics/v_iodevice_0/txn-log/checkpoint_0
2019-11-29T15:40:16.397+00:00 WARN CBAS.recovery.AbstractCheckpointManager [Executor-9:1261062758c5b045ef2ab47d2962b13c] Reading checkpoint file: /opt/couchbase/var/lib/couchbase/data/@analytics/v_iodevice_0/txn-log/checkpoint_0
2019-11-29T15:40:17.762+00:00 WARN CBAS.recovery.AbstractCheckpointManager [Executor-9:1261062758c5b045ef2ab47d2962b13c] Reading checkpoint file: /opt/couchbase/var/lib/couchbase/data/@analytics/v_iodevice_0/txn-log/checkpoint_0
2019-11-29T15:40:17.766+00:00 WARN CBAS.recovery.AbstractCheckpointManager [Executor-9:1261062758c5b045ef2ab47d2962b13c] Reading checkpoint file: /opt/couchbase/var/lib/couchbase/data/@analytics/v_iodevice_0/txn-log/checkpoint_1
2019-11-29T15:40:18.296+00:00 WARN CBAS.rebalance.ReplicationUtil [Executor-3:ClusterController] Couldn't find additional candidate nodes for metadata replicas
2019-11-29T15:42:55.663+00:00 INFO CBAS.bootstrap.AnalyticsNCApplication [main] Starting Couchbase Analytics driver, version: {"build.date":"Mon Oct 07 13:47:00 UTC 2019","build.number":"2895","build.version":"6.0.3-2895"}
2019-11-29T15:42:55.746+00:00 WARN CBAS.recovery.AbstractCheckpointManager [main] Reading checkpoint file: /opt/couchbase/var/lib/couchbase/data/@analytics/v_iodevice_0/txn-log/checkpoint_0
2019-11-29T15:42:55.751+00:00 WARN CBAS.recovery.AbstractCheckpointManager [main] Reading checkpoint file: /opt/couchbase/var/lib/couchbase/data/@analytics/v_iodevice_0/txn-log/checkpoint_1
2019-11-29T15:42:55.782+00:00 WARN CBAS.recovery.AbstractCheckpointManager [main] Reading checkpoint file: /opt/couchbase/var/lib/couchbase/data/@analytics/v_iodevice_0/txn-log/checkpoint_0
2019-11-29T15:42:55.786+00:00 WARN CBAS.recovery.AbstractCheckpointManager [main] Reading checkpoint file: /opt/couchbase/var/lib/couchbase/data/@analytics/v_iodevice_0/txn-log/checkpoint_1
2019-11-29T15:42:55.825+00:00 WARN CBAS.recovery.AbstractCheckpointManager [main] Reading checkpoint file: /opt/couchbase/var/lib/couchbase/data/@analytics/v_iodevice_0/txn-log/checkpoint_0
2019-11-29T15:42:55.829+00:00 WARN CBAS.recovery.AbstractCheckpointManager [main] Reading checkpoint file: /opt/couchbase/var/lib/couchbase/data/@analytics/v_iodevice_0/txn-log/checkpoint_1
2019-11-29T15:42:55.836+00:00 WARN CBAS.recovery.AbstractCheckpointManager [main] Reading checkpoint file: /opt/couchbase/var/lib/couchbase/data/@analytics/v_iodevice_0/txn-log/checkpoint_0
2019-11-29T15:42:55.841+00:00 WARN CBAS.recovery.AbstractCheckpointManager [main] Reading checkpoint file: /opt/couchbase/var/lib/couchbase/data/@analytics/v_iodevice_0/txn-log/checkpoint_1
2019-11-29T15:42:57.487+00:00 WARN CBAS.cluster.NodeManager [Worker:ClusterController] +addNode: 1261062758c5b045ef2ab47d2962b13c
2019-11-29T15:42:59.167+00:00 WARN CBAS.server.AnalyticsHttpsServerInitializer [main] Configured SSL Context using configuration {"certificatePath":"/opt/couchbase/var/lib/couchbase/config/memcached-cert.pem","privateKeyPath":"/opt/couchbase/var/lib/couchbase/config/memcached-key.pem","clientCertAuthType":"NONE","supportedCiphers":["TLS_RSA_WITH_AES_128_CBC_SHA","TLS_RSA_WITH_AES_256_CBC_SHA","TLS_ECDHE_ECDSA_WITH_AES_256_CBC_SHA","TLS_ECDHE_RSA_WITH_AES_256_CBC_SHA","TLS_ECDHE_RSA_WITH_AES_128_GCM_SHA256","TLS_ECDHE_ECDSA_WITH_AES_128_GCM_SHA256"],"minTlsVersion":1.0,"supportedProtocols":["TLSv1","TLSv1.1","TLSv1.2"],"clientAuth":"NONE"} and native openssl version: BoringSSL-269484159
2019-11-29T15:42:59.201+00:00 WARN CBAS.recovery.AbstractCheckpointManager [Executor-9:1261062758c5b045ef2ab47d2962b13c] Reading checkpoint file: /opt/couchbase/var/lib/couchbase/data/@analytics/v_iodevice_0/txn-log/checkpoint_0
2019-11-29T15:42:59.209+00:00 WARN CBAS.recovery.AbstractCheckpointManager [Executor-9:1261062758c5b045ef2ab47d2962b13c] Reading checkpoint file: /opt/couchbase/var/lib/couchbase/data/@analytics/v_iodevice_0/txn-log/checkpoint_1
2019-11-29T15:42:59.281+00:00 WARN CBAS.recovery.AbstractCheckpointManager [Executor-9:1261062758c5b045ef2ab47d2962b13c] Reading checkpoint file: /opt/couchbase/var/lib/couchbase/data/@analytics/v_iodevice_0/txn-log/checkpoint_0
2019-11-29T15:42:59.288+00:00 WARN CBAS.recovery.AbstractCheckpointManager [Executor-9:1261062758c5b045ef2ab47d2962b13c] Reading checkpoint file: /opt/couchbase/var/lib/couchbase/data/@analytics/v_iodevice_0/txn-log/checkpoint_1
2019-11-29T15:43:00.696+00:00 WARN CBAS.recovery.AbstractCheckpointManager [Executor-9:1261062758c5b045ef2ab47d2962b13c] Reading checkpoint file: /opt/couchbase/var/lib/couchbase/data/@analytics/v_iodevice_0/txn-log/checkpoint_0
2019-11-29T15:43:00.706+00:00 WARN CBAS.recovery.AbstractCheckpointManager [Executor-9:1261062758c5b045ef2ab47d2962b13c] Reading checkpoint file: /opt/couchbase/var/lib/couchbase/data/@analytics/v_iodevice_0/txn-log/checkpoint_1
2019-11-29T15:43:00.723+00:00 WARN CBAS.recovery.AbstractCheckpointManager [Executor-9:1261062758c5b045ef2ab47d2962b13c] Reading checkpoint file: /opt/couchbase/var/lib/couchbase/data/@analytics/v_iodevice_0/txn-log/checkpoint_2
2019-11-29T15:43:01.313+00:00 WARN CBAS.rebalance.ReplicationUtil [Executor-3:ClusterController] Couldn't find additional candidate nodes for metadata replicas
2019-11-29T16:21:11.256+00:00 INFO CBAS.bootstrap.AnalyticsNCApplication [main] Starting Couchbase Analytics driver, version: {"build.date":"Mon Oct 07 13:47:00 UTC 2019","build.number":"2895","build.version":"6.0.3-2895"}
2019-11-29T16:21:11.338+00:00 WARN CBAS.recovery.AbstractCheckpointManager [main] Reading checkpoint file: /opt/couchbase/var/lib/couchbase/data/@analytics/v_iodevice_0/txn-log/checkpoint_0
2019-11-29T16:21:11.343+00:00 WARN CBAS.recovery.AbstractCheckpointManager [main] Reading checkpoint file: /opt/couchbase/var/lib/couchbase/data/@analytics/v_iodevice_0/txn-log/checkpoint_1
2019-11-29T16:21:11.349+00:00 WARN CBAS.recovery.AbstractCheckpointManager [main] Reading checkpoint file: /opt/couchbase/var/lib/couchbase/data/@analytics/v_iodevice_0/txn-log/checkpoint_2
2019-11-29T16:21:11.388+00:00 WARN CBAS.recovery.AbstractCheckpointManager [main] Reading checkpoint file: /opt/couchbase/var/lib/couchbase/data/@analytics/v_iodevice_0/txn-log/checkpoint_0
2019-11-29T16:21:11.392+00:00 WARN CBAS.recovery.AbstractCheckpointManager [main] Reading checkpoint file: /opt/couchbase/var/lib/couchbase/data/@analytics/v_iodevice_0/txn-log/checkpoint_1
2019-11-29T16:21:11.396+00:00 WARN CBAS.recovery.AbstractCheckpointManager [main] Reading checkpoint file: /opt/couchbase/var/lib/couchbase/data/@analytics/v_iodevice_0/txn-log/checkpoint_2
2019-11-29T16:21:11.439+00:00 WARN CBAS.recovery.AbstractCheckpointManager [main] Reading checkpoint file: /opt/couchbase/var/lib/couchbase/data/@analytics/v_iodevice_0/txn-log/checkpoint_0
2019-11-29T16:21:11.445+00:00 WARN CBAS.recovery.AbstractCheckpointManager [main] Reading checkpoint file: /opt/couchbase/var/lib/couchbase/data/@analytics/v_iodevice_0/txn-log/checkpoint_1
2019-11-29T16:21:11.452+00:00 WARN CBAS.recovery.AbstractCheckpointManager [main] Reading checkpoint file: /opt/couchbase/var/lib/couchbase/data/@analytics/v_iodevice_0/txn-log/checkpoint_2
2019-11-29T16:21:11.462+00:00 WARN CBAS.recovery.AbstractCheckpointManager [main] Reading checkpoint file: /opt/couchbase/var/lib/couchbase/data/@analytics/v_iodevice_0/txn-log/checkpoint_0
2019-11-29T16:21:11.466+00:00 WARN CBAS.recovery.AbstractCheckpointManager [main] Reading checkpoint file: /opt/couchbase/var/lib/couchbase/data/@analytics/v_iodevice_0/txn-log/checkpoint_1
2019-11-29T16:21:11.471+00:00 WARN CBAS.recovery.AbstractCheckpointManager [main] Reading checkpoint file: /opt/couchbase/var/lib/couchbase/data/@analytics/v_iodevice_0/txn-log/checkpoint_2
2019-11-29T16:21:13.020+00:00 WARN CBAS.cluster.NodeManager [Worker:ClusterController] +addNode: 1261062758c5b045ef2ab47d2962b13c
2019-11-29T16:21:15.255+00:00 WARN CBAS.server.AnalyticsHttpsServerInitializer [main] Configured SSL Context using configuration {"certificatePath":"/opt/couchbase/var/lib/couchbase/config/memcached-cert.pem","privateKeyPath":"/opt/couchbase/var/lib/couchbase/config/memcached-key.pem","clientCertAuthType":"NONE","supportedCiphers":["TLS_RSA_WITH_AES_128_CBC_SHA","TLS_RSA_WITH_AES_256_CBC_SHA","TLS_ECDHE_ECDSA_WITH_AES_256_CBC_SHA","TLS_ECDHE_RSA_WITH_AES_256_CBC_SHA","TLS_ECDHE_RSA_WITH_AES_128_GCM_SHA256","TLS_ECDHE_ECDSA_WITH_AES_128_GCM_SHA256"],"minTlsVersion":1.0,"supportedProtocols":["TLSv1","TLSv1.1","TLSv1.2"],"clientAuth":"NONE"} and native openssl version: BoringSSL-269484159
2019-11-29T16:21:15.280+00:00 WARN CBAS.recovery.AbstractCheckpointManager [Executor-10:1261062758c5b045ef2ab47d2962b13c] Reading checkpoint file: /opt/couchbase/var/lib/couchbase/data/@analytics/v_iodevice_0/txn-log/checkpoint_0
2019-11-29T16:21:15.285+00:00 WARN CBAS.recovery.AbstractCheckpointManager [Executor-10:1261062758c5b045ef2ab47d2962b13c] Reading checkpoint file: /opt/couchbase/var/lib/couchbase/data/@analytics/v_iodevice_0/txn-log/checkpoint_1
2019-11-29T16:21:15.289+00:00 WARN CBAS.recovery.AbstractCheckpointManager [Executor-10:1261062758c5b045ef2ab47d2962b13c] Reading checkpoint file: /opt/couchbase/var/lib/couchbase/data/@analytics/v_iodevice_0/txn-log/checkpoint_2
2019-11-29T16:21:15.377+00:00 WARN CBAS.recovery.AbstractCheckpointManager [Executor-10:1261062758c5b045ef2ab47d2962b13c] Reading checkpoint file: /opt/couchbase/var/lib/couchbase/data/@analytics/v_iodevice_0/txn-log/checkpoint_0
2019-11-29T16:21:15.381+00:00 WARN CBAS.recovery.AbstractCheckpointManager [Executor-10:1261062758c5b045ef2ab47d2962b13c] Reading checkpoint file: /opt/couchbase/var/lib/couchbase/data/@analytics/v_iodevice_0/txn-log/checkpoint_1
2019-11-29T16:21:15.386+00:00 WARN CBAS.recovery.AbstractCheckpointManager [Executor-10:1261062758c5b045ef2ab47d2962b13c] Reading checkpoint file: /opt/couchbase/var/lib/couchbase/data/@analytics/v_iodevice_0/txn-log/checkpoint_2
2019-11-29T16:21:16.798+00:00 WARN CBAS.recovery.AbstractCheckpointManager [Executor-10:1261062758c5b045ef2ab47d2962b13c] Reading checkpoint file: /opt/couchbase/var/lib/couchbase/data/@analytics/v_iodevice_0/txn-log/checkpoint_0
2019-11-29T16:21:16.802+00:00 WARN CBAS.recovery.AbstractCheckpointManager [Executor-10:1261062758c5b045ef2ab47d2962b13c] Reading checkpoint file: /opt/couchbase/var/lib/couchbase/data/@analytics/v_iodevice_0/txn-log/checkpoint_1
2019-11-29T16:21:16.806+00:00 WARN CBAS.recovery.AbstractCheckpointManager [Executor-10:1261062758c5b045ef2ab47d2962b13c] Reading checkpoint file: /opt/couchbase/var/lib/couchbase/data/@analytics/v_iodevice_0/txn-log/checkpoint_3
2019-11-29T16:21:16.810+00:00 WARN CBAS.recovery.AbstractCheckpointManager [Executor-10:1261062758c5b045ef2ab47d2962b13c] Reading checkpoint file: /opt/couchbase/var/lib/couchbase/data/@analytics/v_iodevice_0/txn-log/checkpoint_2
2019-11-29T16:21:16.816+00:00 WARN CBAS.recovery.AbstractCheckpointManager [Executor-10:1261062758c5b045ef2ab47d2962b13c] Deleting checkpoint file at: /opt/couchbase/var/lib/couchbase/data/@analytics/v_iodevice_0/txn-log/checkpoint_0
2019-11-29T16:21:17.301+00:00 WARN CBAS.rebalance.ReplicationUtil [Executor-3:ClusterController] Couldn't find additional candidate nodes for metadata replicas
2019-11-29T16:35:31.988+00:00 INFO CBAS.bootstrap.AnalyticsNCApplication [main] Starting Couchbase Analytics driver, version: {"build.date":"Mon Oct 07 13:47:00 UTC 2019","build.number":"2895","build.version":"6.0.3-2895"}
2019-11-29T16:35:32.056+00:00 WARN CBAS.recovery.AbstractCheckpointManager [main] Reading checkpoint file: /opt/couchbase/var/lib/couchbase/data/@analytics/v_iodevice_0/txn-log/checkpoint_1
2019-11-29T16:35:32.062+00:00 WARN CBAS.recovery.AbstractCheckpointManager [main] Reading checkpoint file: /opt/couchbase/var/lib/couchbase/data/@analytics/v_iodevice_0/txn-log/checkpoint_3
2019-11-29T16:35:32.066+00:00 WARN CBAS.recovery.AbstractCheckpointManager [main] Reading checkpoint file: /opt/couchbase/var/lib/couchbase/data/@analytics/v_iodevice_0/txn-log/checkpoint_2
2019-11-29T16:35:32.086+00:00 WARN CBAS.recovery.AbstractCheckpointManager [main] Reading checkpoint file: /opt/couchbase/var/lib/couchbase/data/@analytics/v_iodevice_0/txn-log/checkpoint_1
2019-11-29T16:35:32.090+00:00 WARN CBAS.recovery.AbstractCheckpointManager [main] Reading checkpoint file: /opt/couchbase/var/lib/couchbase/data/@analytics/v_iodevice_0/txn-log/checkpoint_3
2019-11-29T16:35:32.095+00:00 WARN CBAS.recovery.AbstractCheckpointManager [main] Reading checkpoint file: /opt/couchbase/var/lib/couchbase/data/@analytics/v_iodevice_0/txn-log/checkpoint_2
2019-11-29T16:35:32.139+00:00 WARN CBAS.recovery.AbstractCheckpointManager [main] Reading checkpoint file: /opt/couchbase/var/lib/couchbase/data/@analytics/v_iodevice_0/txn-log/checkpoint_1
2019-11-29T16:35:32.144+00:00 WARN CBAS.recovery.AbstractCheckpointManager [main] Reading checkpoint file: /opt/couchbase/var/lib/couchbase/data/@analytics/v_iodevice_0/txn-log/checkpoint_3
2019-11-29T16:35:32.148+00:00 WARN CBAS.recovery.AbstractCheckpointManager [main] Reading checkpoint file: /opt/couchbase/var/lib/couchbase/data/@analytics/v_iodevice_0/txn-log/checkpoint_2
2019-11-29T16:35:32.156+00:00 WARN CBAS.recovery.AbstractCheckpointManager [main] Reading checkpoint file: /opt/couchbase/var/lib/couchbase/data/@analytics/v_iodevice_0/txn-log/checkpoint_1
2019-11-29T16:35:32.160+00:00 WARN CBAS.recovery.AbstractCheckpointManager [main] Reading checkpoint file: /opt/couchbase/var/lib/couchbase/data/@analytics/v_iodevice_0/txn-log/checkpoint_3
2019-11-29T16:35:32.164+00:00 WARN CBAS.recovery.AbstractCheckpointManager [main] Reading checkpoint file: /opt/couchbase/var/lib/couchbase/data/@analytics/v_iodevice_0/txn-log/checkpoint_2
2019-11-29T16:35:33.197+00:00 WARN CBAS.cluster.NodeManager [Worker:ClusterController] +addNode: 1261062758c5b045ef2ab47d2962b13c
2019-11-29T16:35:34.539+00:00 WARN CBAS.server.AnalyticsHttpsServerInitializer [main] Configured SSL Context using configuration {"certificatePath":"/opt/couchbase/var/lib/couchbase/config/memcached-cert.pem","privateKeyPath":"/opt/couchbase/var/lib/couchbase/config/memcached-key.pem","clientCertAuthType":"NONE","supportedCiphers":["TLS_RSA_WITH_AES_128_CBC_SHA","TLS_RSA_WITH_AES_256_CBC_SHA","TLS_ECDHE_ECDSA_WITH_AES_256_CBC_SHA","TLS_ECDHE_RSA_WITH_AES_256_CBC_SHA","TLS_ECDHE_RSA_WITH_AES_128_GCM_SHA256","TLS_ECDHE_ECDSA_WITH_AES_128_GCM_SHA256"],"minTlsVersion":1.0,"clientAuth":"NONE","supportedProtocols":["TLSv1","TLSv1.1","TLSv1.2"]} and native openssl version: BoringSSL-269484159
2019-11-29T16:35:34.573+00:00 WARN CBAS.recovery.AbstractCheckpointManager [Executor-9:1261062758c5b045ef2ab47d2962b13c] Reading checkpoint file: /opt/couchbase/var/lib/couchbase/data/@analytics/v_iodevice_0/txn-log/checkpoint_1
2019-11-29T16:35:34.587+00:00 WARN CBAS.recovery.AbstractCheckpointManager [Executor-9:1261062758c5b045ef2ab47d2962b13c] Reading checkpoint file: /opt/couchbase/var/lib/couchbase/data/@analytics/v_iodevice_0/txn-log/checkpoint_3
2019-11-29T16:35:34.594+00:00 WARN CBAS.recovery.AbstractCheckpointManager [Executor-9:1261062758c5b045ef2ab47d2962b13c] Reading checkpoint file: /opt/couchbase/var/lib/couchbase/data/@analytics/v_iodevice_0/txn-log/checkpoint_2
2019-11-29T16:35:34.670+00:00 WARN CBAS.recovery.AbstractCheckpointManager [Executor-9:1261062758c5b045ef2ab47d2962b13c] Reading checkpoint file: /opt/couchbase/var/lib/couchbase/data/@analytics/v_iodevice_0/txn-log/checkpoint_1
2019-11-29T16:35:34.675+00:00 WARN CBAS.recovery.AbstractCheckpointManager [Executor-9:1261062758c5b045ef2ab47d2962b13c] Reading checkpoint file: /opt/couchbase/var/lib/couchbase/data/@analytics/v_iodevice_0/txn-log/checkpoint_3
2019-11-29T16:35:34.679+00:00 WARN CBAS.recovery.AbstractCheckpointManager [Executor-9:1261062758c5b045ef2ab47d2962b13c] Reading checkpoint file: /opt/couchbase/var/lib/couchbase/data/@analytics/v_iodevice_0/txn-log/checkpoint_2
2019-11-29T16:35:36.219+00:00 WARN CBAS.recovery.AbstractCheckpointManager [Executor-9:1261062758c5b045ef2ab47d2962b13c] Reading checkpoint file: /opt/couchbase/var/lib/couchbase/data/@analytics/v_iodevice_0/txn-log/checkpoint_1
2019-11-29T16:35:36.224+00:00 WARN CBAS.recovery.AbstractCheckpointManager [Executor-9:1261062758c5b045ef2ab47d2962b13c] Reading checkpoint file: /opt/couchbase/var/lib/couchbase/data/@analytics/v_iodevice_0/txn-log/checkpoint_3
2019-11-29T16:35:36.232+00:00 WARN CBAS.recovery.AbstractCheckpointManager [Executor-9:1261062758c5b045ef2ab47d2962b13c] Reading checkpoint file: /opt/couchbase/var/lib/couchbase/data/@analytics/v_iodevice_0/txn-log/checkpoint_4
2019-11-29T16:35:36.239+00:00 WARN CBAS.recovery.AbstractCheckpointManager [Executor-9:1261062758c5b045ef2ab47d2962b13c] Reading checkpoint file: /opt/couchbase/var/lib/couchbase/data/@analytics/v_iodevice_0/txn-log/checkpoint_2
2019-11-29T16:35:36.243+00:00 WARN CBAS.recovery.AbstractCheckpointManager [Executor-9:1261062758c5b045ef2ab47d2962b13c] Deleting checkpoint file at: /opt/couchbase/var/lib/couchbase/data/@analytics/v_iodevice_0/txn-log/checkpoint_1
2019-11-29T16:35:36.951+00:00 WARN CBAS.rebalance.ReplicationUtil [Executor-3:ClusterController] Couldn't find additional candidate nodes for metadata replicas
2019-11-29T16:39:16.906+00:00 INFO CBAS.bootstrap.AnalyticsNCApplication [main] Starting Couchbase Analytics driver, version: {"build.date":"Mon Oct 07 13:47:00 UTC 2019","build.number":"2895","build.version":"6.0.3-2895"}
2019-11-29T16:39:16.975+00:00 WARN CBAS.recovery.AbstractCheckpointManager [main] Reading checkpoint file: /opt/couchbase/var/lib/couchbase/data/@analytics/v_iodevice_0/txn-log/checkpoint_3
2019-11-29T16:39:16.982+00:00 WARN CBAS.recovery.AbstractCheckpointManager [main] Reading checkpoint file: /opt/couchbase/var/lib/couchbase/data/@analytics/v_iodevice_0/txn-log/checkpoint_4
2019-11-29T16:39:16.988+00:00 WARN CBAS.recovery.AbstractCheckpointManager [main] Reading checkpoint file: /opt/couchbase/var/lib/couchbase/data/@analytics/v_iodevice_0/txn-log/checkpoint_2
2019-11-29T16:39:17.024+00:00 WARN CBAS.recovery.AbstractCheckpointManager [main] Reading checkpoint file: /opt/couchbase/var/lib/couchbase/data/@analytics/v_iodevice_0/txn-log/checkpoint_3
2019-11-29T16:39:17.032+00:00 WARN CBAS.recovery.AbstractCheckpointManager [main] Reading checkpoint file: /opt/couchbase/var/lib/couchbase/data/@analytics/v_iodevice_0/txn-log/checkpoint_4
2019-11-29T16:39:17.038+00:00 WARN CBAS.recovery.AbstractCheckpointManager [main] Reading checkpoint file: /opt/couchbase/var/lib/couchbase/data/@analytics/v_iodevice_0/txn-log/checkpoint_2
2019-11-29T16:39:17.085+00:00 WARN CBAS.recovery.AbstractCheckpointManager [main] Reading checkpoint file: /opt/couchbase/var/lib/couchbase/data/@analytics/v_iodevice_0/txn-log/checkpoint_3
2019-11-29T16:39:17.089+00:00 WARN CBAS.recovery.AbstractCheckpointManager [main] Reading checkpoint file: /opt/couchbase/var/lib/couchbase/data/@analytics/v_iodevice_0/txn-log/checkpoint_4
2019-11-29T16:39:17.094+00:00 WARN CBAS.recovery.AbstractCheckpointManager [main] Reading checkpoint file: /opt/couchbase/var/lib/couchbase/data/@analytics/v_iodevice_0/txn-log/checkpoint_2
2019-11-29T16:39:17.106+00:00 WARN CBAS.recovery.AbstractCheckpointManager [main] Reading checkpoint file: /opt/couchbase/var/lib/couchbase/data/@analytics/v_iodevice_0/txn-log/checkpoint_3
2019-11-29T16:39:17.111+00:00 WARN CBAS.recovery.AbstractCheckpointManager [main] Reading checkpoint file: /opt/couchbase/var/lib/couchbase/data/@analytics/v_iodevice_0/txn-log/checkpoint_4
2019-11-29T16:39:17.115+00:00 WARN CBAS.recovery.AbstractCheckpointManager [main] Reading checkpoint file: /opt/couchbase/var/lib/couchbase/data/@analytics/v_iodevice_0/txn-log/checkpoint_2
2019-11-29T16:39:18.919+00:00 WARN CBAS.cluster.NodeManager [Worker:ClusterController] +addNode: 1261062758c5b045ef2ab47d2962b13c
2019-11-29T16:39:20.694+00:00 WARN CBAS.server.AnalyticsHttpsServerInitializer [main] Configured SSL Context using configuration {"certificatePath":"/opt/couchbase/var/lib/couchbase/config/memcached-cert.pem","privateKeyPath":"/opt/couchbase/var/lib/couchbase/config/memcached-key.pem","clientCertAuthType":"NONE","supportedCiphers":["TLS_RSA_WITH_AES_128_CBC_SHA","TLS_RSA_WITH_AES_256_CBC_SHA","TLS_ECDHE_ECDSA_WITH_AES_256_CBC_SHA","TLS_ECDHE_RSA_WITH_AES_256_CBC_SHA","TLS_ECDHE_RSA_WITH_AES_128_GCM_SHA256","TLS_ECDHE_ECDSA_WITH_AES_128_GCM_SHA256"],"minTlsVersion":1.0,"supportedProtocols":["TLSv1","TLSv1.1","TLSv1.2"],"clientAuth":"NONE"} and native openssl version: BoringSSL-269484159
2019-11-29T16:39:20.745+00:00 WARN CBAS.recovery.AbstractCheckpointManager [Executor-9:1261062758c5b045ef2ab47d2962b13c] Reading checkpoint file: /opt/couchbase/var/lib/couchbase/data/@analytics/v_iodevice_0/txn-log/checkpoint_3
2019-11-29T16:39:20.753+00:00 WARN CBAS.recovery.AbstractCheckpointManager [Executor-9:1261062758c5b045ef2ab47d2962b13c] Reading checkpoint file: /opt/couchbase/var/lib/couchbase/data/@analytics/v_iodevice_0/txn-log/checkpoint_4
2019-11-29T16:39:20.759+00:00 WARN CBAS.recovery.AbstractCheckpointManager [Executor-9:1261062758c5b045ef2ab47d2962b13c] Reading checkpoint file: /opt/couchbase/var/lib/couchbase/data/@analytics/v_iodevice_0/txn-log/checkpoint_2
2019-11-29T16:39:20.834+00:00 WARN CBAS.recovery.AbstractCheckpointManager [Executor-9:1261062758c5b045ef2ab47d2962b13c] Reading checkpoint file: /opt/couchbase/var/lib/couchbase/data/@analytics/v_iodevice_0/txn-log/checkpoint_3
2019-11-29T16:39:20.841+00:00 WARN CBAS.recovery.AbstractCheckpointManager [Executor-9:1261062758c5b045ef2ab47d2962b13c] Reading checkpoint file: /opt/couchbase/var/lib/couchbase/data/@analytics/v_iodevice_0/txn-log/checkpoint_4
2019-11-29T16:39:20.848+00:00 WARN CBAS.recovery.AbstractCheckpointManager [Executor-9:1261062758c5b045ef2ab47d2962b13c] Reading checkpoint file: /opt/couchbase/var/lib/couchbase/data/@analytics/v_iodevice_0/txn-log/checkpoint_2
2019-11-29T16:39:22.346+00:00 WARN CBAS.recovery.AbstractCheckpointManager [Executor-9:1261062758c5b045ef2ab47d2962b13c] Reading checkpoint file: /opt/couchbase/var/lib/couchbase/data/@analytics/v_iodevice_0/txn-log/checkpoint_3
2019-11-29T16:39:22.352+00:00 WARN CBAS.recovery.AbstractCheckpointManager [Executor-9:1261062758c5b045ef2ab47d2962b13c] Reading checkpoint file: /opt/couchbase/var/lib/couchbase/data/@analytics/v_iodevice_0/txn-log/checkpoint_4
2019-11-29T16:39:22.356+00:00 WARN CBAS.recovery.AbstractCheckpointManager [Executor-9:1261062758c5b045ef2ab47d2962b13c] Reading checkpoint file: /opt/couchbase/var/lib/couchbase/data/@analytics/v_iodevice_0/txn-log/checkpoint_5
2019-11-29T16:39:22.360+00:00 WARN CBAS.recovery.AbstractCheckpointManager [Executor-9:1261062758c5b045ef2ab47d2962b13c] Reading checkpoint file: /opt/couchbase/var/lib/couchbase/data/@analytics/v_iodevice_0/txn-log/checkpoint_2
2019-11-29T16:39:22.364+00:00 WARN CBAS.recovery.AbstractCheckpointManager [Executor-9:1261062758c5b045ef2ab47d2962b13c] Deleting checkpoint file at: /opt/couchbase/var/lib/couchbase/data/@analytics/v_iodevice_0/txn-log/checkpoint_2
2019-11-29T16:39:22.876+00:00 WARN CBAS.rebalance.ReplicationUtil [Executor-3:ClusterController] Couldn't find additional candidate nodes for metadata replicas
2019-11-29T16:43:44.658+00:00 INFO CBAS.bootstrap.AnalyticsNCApplication [main] Starting Couchbase Analytics driver, version: {"build.date":"Mon Oct 07 13:47:00 UTC 2019","build.number":"2895","build.version":"6.0.3-2895"}
2019-11-29T16:43:44.745+00:00 WARN CBAS.recovery.AbstractCheckpointManager [main] Reading checkpoint file: /opt/couchbase/var/lib/couchbase/data/@analytics/v_iodevice_0/txn-log/checkpoint_3
2019-11-29T16:43:44.751+00:00 WARN CBAS.recovery.AbstractCheckpointManager [main] Reading checkpoint file: /opt/couchbase/var/lib/couchbase/data/@analytics/v_iodevice_0/txn-log/checkpoint_4
2019-11-29T16:43:44.756+00:00 WARN CBAS.recovery.AbstractCheckpointManager [main] Reading checkpoint file: /opt/couchbase/var/lib/couchbase/data/@analytics/v_iodevice_0/txn-log/checkpoint_5
2019-11-29T16:43:44.797+00:00 WARN CBAS.recovery.AbstractCheckpointManager [main] Reading checkpoint file: /opt/couchbase/var/lib/couchbase/data/@analytics/v_iodevice_0/txn-log/checkpoint_3
2019-11-29T16:43:44.804+00:00 WARN CBAS.recovery.AbstractCheckpointManager [main] Reading checkpoint file: /opt/couchbase/var/lib/couchbase/data/@analytics/v_iodevice_0/txn-log/checkpoint_4
2019-11-29T16:43:44.809+00:00 WARN CBAS.recovery.AbstractCheckpointManager [main] Reading checkpoint file: /opt/couchbase/var/lib/couchbase/data/@analytics/v_iodevice_0/txn-log/checkpoint_5
2019-11-29T16:43:44.849+00:00 WARN CBAS.recovery.AbstractCheckpointManager [main] Reading checkpoint file: /opt/couchbase/var/lib/couchbase/data/@analytics/v_iodevice_0/txn-log/checkpoint_3
2019-11-29T16:43:44.857+00:00 WARN CBAS.recovery.AbstractCheckpointManager [main] Reading checkpoint file: /opt/couchbase/var/lib/couchbase/data/@analytics/v_iodevice_0/txn-log/checkpoint_4
2019-11-29T16:43:44.865+00:00 WARN CBAS.recovery.AbstractCheckpointManager [main] Reading checkpoint file: /opt/couchbase/var/lib/couchbase/data/@analytics/v_iodevice_0/txn-log/checkpoint_5
2019-11-29T16:43:44.873+00:00 WARN CBAS.recovery.AbstractCheckpointManager [main] Reading checkpoint file: /opt/couchbase/var/lib/couchbase/data/@analytics/v_iodevice_0/txn-log/checkpoint_3
2019-11-29T16:43:44.878+00:00 WARN CBAS.recovery.AbstractCheckpointManager [main] Reading checkpoint file: /opt/couchbase/var/lib/couchbase/data/@analytics/v_iodevice_0/txn-log/checkpoint_4
2019-11-29T16:43:44.884+00:00 WARN CBAS.recovery.AbstractCheckpointManager [main] Reading checkpoint file: /opt/couchbase/var/lib/couchbase/data/@analytics/v_iodevice_0/txn-log/checkpoint_5
2019-11-29T16:43:46.139+00:00 WARN CBAS.cluster.NodeManager [Worker:ClusterController] +addNode: 1261062758c5b045ef2ab47d2962b13c
2019-11-29T16:43:47.449+00:00 WARN CBAS.server.AnalyticsHttpsServerInitializer [main] Configured SSL Context using configuration {"certificatePath":"/opt/couchbase/var/lib/couchbase/config/memcached-cert.pem","privateKeyPath":"/opt/couchbase/var/lib/couchbase/config/memcached-key.pem","clientCertAuthType":"NONE","supportedCiphers":["TLS_RSA_WITH_AES_128_CBC_SHA","TLS_RSA_WITH_AES_256_CBC_SHA","TLS_ECDHE_ECDSA_WITH_AES_256_CBC_SHA","TLS_ECDHE_RSA_WITH_AES_256_CBC_SHA","TLS_ECDHE_RSA_WITH_AES_128_GCM_SHA256","TLS_ECDHE_ECDSA_WITH_AES_128_GCM_SHA256"],"minTlsVersion":1.0,"supportedProtocols":["TLSv1","TLSv1.1","TLSv1.2"],"clientAuth":"NONE"} and native openssl version: BoringSSL-269484159
2019-11-29T16:43:47.479+00:00 WARN CBAS.recovery.AbstractCheckpointManager [Executor-9:1261062758c5b045ef2ab47d2962b13c] Reading checkpoint file: /opt/couchbase/var/lib/couchbase/data/@analytics/v_iodevice_0/txn-log/checkpoint_3
2019-11-29T16:43:47.490+00:00 WARN CBAS.recovery.AbstractCheckpointManager [Executor-9:1261062758c5b045ef2ab47d2962b13c] Reading checkpoint file: /opt/couchbase/var/lib/couchbase/data/@analytics/v_iodevice_0/txn-log/checkpoint_4
2019-11-29T16:43:47.496+00:00 WARN CBAS.recovery.AbstractCheckpointManager [Executor-9:1261062758c5b045ef2ab47d2962b13c] Reading checkpoint file: /opt/couchbase/var/lib/couchbase/data/@analytics/v_iodevice_0/txn-log/checkpoint_5
2019-11-29T16:43:47.585+00:00 WARN CBAS.recovery.AbstractCheckpointManager [Executor-9:1261062758c5b045ef2ab47d2962b13c] Reading checkpoint file: /opt/couchbase/var/lib/couchbase/data/@analytics/v_iodevice_0/txn-log/checkpoint_3
2019-11-29T16:43:47.591+00:00 WARN CBAS.recovery.AbstractCheckpointManager [Executor-9:1261062758c5b045ef2ab47d2962b13c] Reading checkpoint file: /opt/couchbase/var/lib/couchbase/data/@analytics/v_iodevice_0/txn-log/checkpoint_4
2019-11-29T16:43:47.595+00:00 WARN CBAS.recovery.AbstractCheckpointManager [Executor-9:1261062758c5b045ef2ab47d2962b13c] Reading checkpoint file: /opt/couchbase/var/lib/couchbase/data/@analytics/v_iodevice_0/txn-log/checkpoint_5
2019-11-29T16:43:48.706+00:00 WARN CBAS.recovery.AbstractCheckpointManager [Executor-9:1261062758c5b045ef2ab47d2962b13c] Reading checkpoint file: /opt/couchbase/var/lib/couchbase/data/@analytics/v_iodevice_0/txn-log/checkpoint_6
2019-11-29T16:43:48.712+00:00 WARN CBAS.recovery.AbstractCheckpointManager [Executor-9:1261062758c5b045ef2ab47d2962b13c] Reading checkpoint file: /opt/couchbase/var/lib/couchbase/data/@analytics/v_iodevice_0/txn-log/checkpoint_3
2019-11-29T16:43:48.717+00:00 WARN CBAS.recovery.AbstractCheckpointManager [Executor-9:1261062758c5b045ef2ab47d2962b13c] Reading checkpoint file: /opt/couchbase/var/lib/couchbase/data/@analytics/v_iodevice_0/txn-log/checkpoint_4
2019-11-29T16:43:48.722+00:00 WARN CBAS.recovery.AbstractCheckpointManager [Executor-9:1261062758c5b045ef2ab47d2962b13c] Reading checkpoint file: /opt/couchbase/var/lib/couchbase/data/@analytics/v_iodevice_0/txn-log/checkpoint_5
2019-11-29T16:43:48.726+00:00 WARN CBAS.recovery.AbstractCheckpointManager [Executor-9:1261062758c5b045ef2ab47d2962b13c] Deleting checkpoint file at: /opt/couchbase/var/lib/couchbase/data/@analytics/v_iodevice_0/txn-log/checkpoint_3
2019-11-29T16:43:49.122+00:00 WARN CBAS.rebalance.ReplicationUtil [Executor-3:ClusterController] Couldn't find additional candidate nodes for metadata replicas
2019-11-29T16:51:08.556+00:00 INFO CBAS.bootstrap.AnalyticsNCApplication [main] Starting Couchbase Analytics driver, version: {"build.date":"Mon Oct 07 13:47:00 UTC 2019","build.number":"2895","build.version":"6.0.3-2895"}
2019-11-29T16:51:08.765+00:00 WARN CBAS.recovery.AbstractCheckpointManager [main] Reading checkpoint file: /opt/couchbase/var/lib/couchbase/data/@analytics/v_iodevice_0/txn-log/checkpoint_6
2019-11-29T16:51:08.771+00:00 WARN CBAS.recovery.AbstractCheckpointManager [main] Reading checkpoint file: /opt/couchbase/var/lib/couchbase/data/@analytics/v_iodevice_0/txn-log/checkpoint_4
2019-11-29T16:51:08.777+00:00 WARN CBAS.recovery.AbstractCheckpointManager [main] Reading checkpoint file: /opt/couchbase/var/lib/couchbase/data/@analytics/v_iodevice_0/txn-log/checkpoint_5
2019-11-29T16:51:08.809+00:00 WARN CBAS.recovery.AbstractCheckpointManager [main] Reading checkpoint file: /opt/couchbase/var/lib/couchbase/data/@analytics/v_iodevice_0/txn-log/checkpoint_6
2019-11-29T16:51:08.816+00:00 WARN CBAS.recovery.AbstractCheckpointManager [main] Reading checkpoint file: /opt/couchbase/var/lib/couchbase/data/@analytics/v_iodevice_0/txn-log/checkpoint_4
2019-11-29T16:51:08.822+00:00 WARN CBAS.recovery.AbstractCheckpointManager [main] Reading checkpoint file: /opt/couchbase/var/lib/couchbase/data/@analytics/v_iodevice_0/txn-log/checkpoint_5
2019-11-29T16:51:08.866+00:00 WARN CBAS.recovery.AbstractCheckpointManager [main] Reading checkpoint file: /opt/couchbase/var/lib/couchbase/data/@analytics/v_iodevice_0/txn-log/checkpoint_6
2019-11-29T16:51:08.871+00:00 WARN CBAS.recovery.AbstractCheckpointManager [main] Reading checkpoint file: /opt/couchbase/var/lib/couchbase/data/@analytics/v_iodevice_0/txn-log/checkpoint_4
2019-11-29T16:51:08.875+00:00 WARN CBAS.recovery.AbstractCheckpointManager [main] Reading checkpoint file: /opt/couchbase/var/lib/couchbase/data/@analytics/v_iodevice_0/txn-log/checkpoint_5
2019-11-29T16:51:08.884+00:00 WARN CBAS.recovery.AbstractCheckpointManager [main] Reading checkpoint file: /opt/couchbase/var/lib/couchbase/data/@analytics/v_iodevice_0/txn-log/checkpoint_6
2019-11-29T16:51:08.889+00:00 WARN CBAS.recovery.AbstractCheckpointManager [main] Reading checkpoint file: /opt/couchbase/var/lib/couchbase/data/@analytics/v_iodevice_0/txn-log/checkpoint_4
2019-11-29T16:51:08.892+00:00 WARN CBAS.recovery.AbstractCheckpointManager [main] Reading checkpoint file: /opt/couchbase/var/lib/couchbase/data/@analytics/v_iodevice_0/txn-log/checkpoint_5
2019-11-29T16:51:10.432+00:00 WARN CBAS.cluster.NodeManager [Worker:ClusterController] +addNode: 1261062758c5b045ef2ab47d2962b13c
2019-11-29T16:51:11.859+00:00 WARN CBAS.server.AnalyticsHttpsServerInitializer [main] Configured SSL Context using configuration {"certificatePath":"/opt/couchbase/var/lib/couchbase/config/memcached-cert.pem","privateKeyPath":"/opt/couchbase/var/lib/couchbase/config/memcached-key.pem","clientCertAuthType":"NONE","supportedCiphers":["TLS_RSA_WITH_AES_128_CBC_SHA","TLS_RSA_WITH_AES_256_CBC_SHA","TLS_ECDHE_ECDSA_WITH_AES_256_CBC_SHA","TLS_ECDHE_RSA_WITH_AES_256_CBC_SHA","TLS_ECDHE_RSA_WITH_AES_128_GCM_SHA256","TLS_ECDHE_ECDSA_WITH_AES_128_GCM_SHA256"],"minTlsVersion":1.0,"supportedProtocols":["TLSv1","TLSv1.1","TLSv1.2"],"clientAuth":"NONE"} and native openssl version: BoringSSL-269484159
2019-11-29T16:51:11.889+00:00 WARN CBAS.recovery.AbstractCheckpointManager [Executor-9:1261062758c5b045ef2ab47d2962b13c] Reading checkpoint file: /opt/couchbase/var/lib/couchbase/data/@analytics/v_iodevice_0/txn-log/checkpoint_6
2019-11-29T16:51:11.896+00:00 WARN CBAS.recovery.AbstractCheckpointManager [Executor-9:1261062758c5b045ef2ab47d2962b13c] Reading checkpoint file: /opt/couchbase/var/lib/couchbase/data/@analytics/v_iodevice_0/txn-log/checkpoint_4
2019-11-29T16:51:11.901+00:00 WARN CBAS.recovery.AbstractCheckpointManager [Executor-9:1261062758c5b045ef2ab47d2962b13c] Reading checkpoint file: /opt/couchbase/var/lib/couchbase/data/@analytics/v_iodevice_0/txn-log/checkpoint_5
2019-11-29T16:51:11.973+00:00 WARN CBAS.recovery.AbstractCheckpointManager [Executor-9:1261062758c5b045ef2ab47d2962b13c] Reading checkpoint file: /opt/couchbase/var/lib/couchbase/data/@analytics/v_iodevice_0/txn-log/checkpoint_6
2019-11-29T16:51:11.980+00:00 WARN CBAS.recovery.AbstractCheckpointManager [Executor-9:1261062758c5b045ef2ab47d2962b13c] Reading checkpoint file: /opt/couchbase/var/lib/couchbase/data/@analytics/v_iodevice_0/txn-log/checkpoint_4
2019-11-29T16:51:11.985+00:00 WARN CBAS.recovery.AbstractCheckpointManager [Executor-9:1261062758c5b045ef2ab47d2962b13c] Reading checkpoint file: /opt/couchbase/var/lib/couchbase/data/@analytics/v_iodevice_0/txn-log/checkpoint_5
2019-11-29T16:51:13.277+00:00 WARN CBAS.recovery.AbstractCheckpointManager [Executor-9:1261062758c5b045ef2ab47d2962b13c] Reading checkpoint file: /opt/couchbase/var/lib/couchbase/data/@analytics/v_iodevice_0/txn-log/checkpoint_7
2019-11-29T16:51:13.283+00:00 WARN CBAS.recovery.AbstractCheckpointManager [Executor-9:1261062758c5b045ef2ab47d2962b13c] Reading checkpoint file: /opt/couchbase/var/lib/couchbase/data/@analytics/v_iodevice_0/txn-log/checkpoint_6
2019-11-29T16:51:13.288+00:00 WARN CBAS.recovery.AbstractCheckpointManager [Executor-9:1261062758c5b045ef2ab47d2962b13c] Reading checkpoint file: /opt/couchbase/var/lib/couchbase/data/@analytics/v_iodevice_0/txn-log/checkpoint_4
2019-11-29T16:51:13.295+00:00 WARN CBAS.recovery.AbstractCheckpointManager [Executor-9:1261062758c5b045ef2ab47d2962b13c] Reading checkpoint file: /opt/couchbase/var/lib/couchbase/data/@analytics/v_iodevice_0/txn-log/checkpoint_5
2019-11-29T16:51:13.305+00:00 WARN CBAS.recovery.AbstractCheckpointManager [Executor-9:1261062758c5b045ef2ab47d2962b13c] Deleting checkpoint file at: /opt/couchbase/var/lib/couchbase/data/@analytics/v_iodevice_0/txn-log/checkpoint_4
2019-11-29T16:51:13.962+00:00 WARN CBAS.rebalance.ReplicationUtil [Executor-3:ClusterController] Couldn't find additional candidate nodes for metadata replicas
2019-11-29T16:58:31.342+00:00 INFO CBAS.bootstrap.AnalyticsNCApplication [main] Starting Couchbase Analytics driver, version: {"build.date":"Mon Oct 07 13:47:00 UTC 2019","build.number":"2895","build.version":"6.0.3-2895"}
2019-11-29T16:58:31.420+00:00 WARN CBAS.recovery.AbstractCheckpointManager [main] Reading checkpoint file: /opt/couchbase/var/lib/couchbase/data/@analytics/v_iodevice_0/txn-log/checkpoint_7
2019-11-29T16:58:31.450+00:00 WARN CBAS.recovery.AbstractCheckpointManager [main] Reading checkpoint file: /opt/couchbase/var/lib/couchbase/data/@analytics/v_iodevice_0/txn-log/checkpoint_6
2019-11-29T16:58:31.457+00:00 WARN CBAS.recovery.AbstractCheckpointManager [main] Reading checkpoint file: /opt/couchbase/var/lib/couchbase/data/@analytics/v_iodevice_0/txn-log/checkpoint_5
2019-11-29T16:58:31.494+00:00 WARN CBAS.recovery.AbstractCheckpointManager [main] Reading checkpoint file: /opt/couchbase/var/lib/couchbase/data/@analytics/v_iodevice_0/txn-log/checkpoint_7
2019-11-29T16:58:31.498+00:00 WARN CBAS.recovery.AbstractCheckpointManager [main] Reading checkpoint file: /opt/couchbase/var/lib/couchbase/data/@analytics/v_iodevice_0/txn-log/checkpoint_6
2019-11-29T16:58:31.502+00:00 WARN CBAS.recovery.AbstractCheckpointManager [main] Reading checkpoint file: /opt/couchbase/var/lib/couchbase/data/@analytics/v_iodevice_0/txn-log/checkpoint_5
2019-11-29T16:58:31.547+00:00 WARN CBAS.recovery.AbstractCheckpointManager [main] Reading checkpoint file: /opt/couchbase/var/lib/couchbase/data/@analytics/v_iodevice_0/txn-log/checkpoint_7
2019-11-29T16:58:31.552+00:00 WARN CBAS.recovery.AbstractCheckpointManager [main] Reading checkpoint file: /opt/couchbase/var/lib/couchbase/data/@analytics/v_iodevice_0/txn-log/checkpoint_6
2019-11-29T16:58:31.557+00:00 WARN CBAS.recovery.AbstractCheckpointManager [main] Reading checkpoint file: /opt/couchbase/var/lib/couchbase/data/@analytics/v_iodevice_0/txn-log/checkpoint_5
2019-11-29T16:58:31.564+00:00 WARN CBAS.recovery.AbstractCheckpointManager [main] Reading checkpoint file: /opt/couchbase/var/lib/couchbase/data/@analytics/v_iodevice_0/txn-log/checkpoint_7
2019-11-29T16:58:31.570+00:00 WARN CBAS.recovery.AbstractCheckpointManager [main] Reading checkpoint file: /opt/couchbase/var/lib/couchbase/data/@analytics/v_iodevice_0/txn-log/checkpoint_6
2019-11-29T16:58:31.573+00:00 WARN CBAS.recovery.AbstractCheckpointManager [main] Reading checkpoint file: /opt/couchbase/var/lib/couchbase/data/@analytics/v_iodevice_0/txn-log/checkpoint_5
2019-11-29T16:58:32.782+00:00 WARN CBAS.cluster.NodeManager [Worker:ClusterController] +addNode: 1261062758c5b045ef2ab47d2962b13c
2019-11-29T16:58:34.912+00:00 WARN CBAS.server.AnalyticsHttpsServerInitializer [main] Configured SSL Context using configuration {"certificatePath":"/opt/couchbase/var/lib/couchbase/config/memcached-cert.pem","privateKeyPath":"/opt/couchbase/var/lib/couchbase/config/memcached-key.pem","clientCertAuthType":"NONE","supportedCiphers":["TLS_RSA_WITH_AES_128_CBC_SHA","TLS_RSA_WITH_AES_256_CBC_SHA","TLS_ECDHE_ECDSA_WITH_AES_256_CBC_SHA","TLS_ECDHE_RSA_WITH_AES_256_CBC_SHA","TLS_ECDHE_RSA_WITH_AES_128_GCM_SHA256","TLS_ECDHE_ECDSA_WITH_AES_128_GCM_SHA256"],"minTlsVersion":1.0,"supportedProtocols":["TLSv1","TLSv1.1","TLSv1.2"],"clientAuth":"NONE"} and native openssl version: BoringSSL-269484159
2019-11-29T16:58:34.949+00:00 WARN CBAS.recovery.AbstractCheckpointManager [Executor-9:1261062758c5b045ef2ab47d2962b13c] Reading checkpoint file: /opt/couchbase/var/lib/couchbase/data/@analytics/v_iodevice_0/txn-log/checkpoint_7
2019-11-29T16:58:34.956+00:00 WARN CBAS.recovery.AbstractCheckpointManager [Executor-9:1261062758c5b045ef2ab47d2962b13c] Reading checkpoint file: /opt/couchbase/var/lib/couchbase/data/@analytics/v_iodevice_0/txn-log/checkpoint_6
2019-11-29T16:58:34.960+00:00 WARN CBAS.recovery.AbstractCheckpointManager [Executor-9:1261062758c5b045ef2ab47d2962b13c] Reading checkpoint file: /opt/couchbase/var/lib/couchbase/data/@analytics/v_iodevice_0/txn-log/checkpoint_5
2019-11-29T16:58:35.032+00:00 WARN CBAS.recovery.AbstractCheckpointManager [Executor-9:1261062758c5b045ef2ab47d2962b13c] Reading checkpoint file: /opt/couchbase/var/lib/couchbase/data/@analytics/v_iodevice_0/txn-log/checkpoint_7
2019-11-29T16:58:35.036+00:00 WARN CBAS.recovery.AbstractCheckpointManager [Executor-9:1261062758c5b045ef2ab47d2962b13c] Reading checkpoint file: /opt/couchbase/var/lib/couchbase/data/@analytics/v_iodevice_0/txn-log/checkpoint_6
2019-11-29T16:58:35.041+00:00 WARN CBAS.recovery.AbstractCheckpointManager [Executor-9:1261062758c5b045ef2ab47d2962b13c] Reading checkpoint file: /opt/couchbase/var/lib/couchbase/data/@analytics/v_iodevice_0/txn-log/checkpoint_5
2019-11-29T16:58:36.402+00:00 WARN CBAS.recovery.AbstractCheckpointManager [Executor-9:1261062758c5b045ef2ab47d2962b13c] Reading checkpoint file: /opt/couchbase/var/lib/couchbase/data/@analytics/v_iodevice_0/txn-log/checkpoint_7
2019-11-29T16:58:36.416+00:00 WARN CBAS.recovery.AbstractCheckpointManager [Executor-9:1261062758c5b045ef2ab47d2962b13c] Reading checkpoint file: /opt/couchbase/var/lib/couchbase/data/@analytics/v_iodevice_0/txn-log/checkpoint_8
2019-11-29T16:58:36.421+00:00 WARN CBAS.recovery.AbstractCheckpointManager [Executor-9:1261062758c5b045ef2ab47d2962b13c] Reading checkpoint file: /opt/couchbase/var/lib/couchbase/data/@analytics/v_iodevice_0/txn-log/checkpoint_6
2019-11-29T16:58:36.426+00:00 WARN CBAS.recovery.AbstractCheckpointManager [Executor-9:1261062758c5b045ef2ab47d2962b13c] Reading checkpoint file: /opt/couchbase/var/lib/couchbase/data/@analytics/v_iodevice_0/txn-log/checkpoint_5
2019-11-29T16:58:36.447+00:00 WARN CBAS.recovery.AbstractCheckpointManager [Executor-9:1261062758c5b045ef2ab47d2962b13c] Deleting checkpoint file at: /opt/couchbase/var/lib/couchbase/data/@analytics/v_iodevice_0/txn-log/checkpoint_5
2019-11-29T16:58:37.040+00:00 WARN CBAS.rebalance.ReplicationUtil [Executor-3:ClusterController] Couldn't find additional candidate nodes for metadata replicas
2019-12-02T14:02:46.875+00:00 INFO CBAS.bootstrap.AnalyticsNCApplication [main] Starting Couchbase Analytics driver, version: {"build.date":"Mon Oct 07 13:47:00 UTC 2019","build.number":"2895","build.version":"6.0.3-2895"}
2019-12-02T14:02:47.018+00:00 WARN CBAS.recovery.AbstractCheckpointManager [main] Reading checkpoint file: /opt/couchbase/var/lib/couchbase/data/@analytics/v_iodevice_0/txn-log/checkpoint_7
2019-12-02T14:02:47.024+00:00 WARN CBAS.recovery.AbstractCheckpointManager [main] Reading checkpoint file: /opt/couchbase/var/lib/couchbase/data/@analytics/v_iodevice_0/txn-log/checkpoint_8
2019-12-02T14:02:47.029+00:00 WARN CBAS.recovery.AbstractCheckpointManager [main] Reading checkpoint file: /opt/couchbase/var/lib/couchbase/data/@analytics/v_iodevice_0/txn-log/checkpoint_6
2019-12-02T14:02:47.074+00:00 WARN CBAS.recovery.AbstractCheckpointManager [main] Reading checkpoint file: /opt/couchbase/var/lib/couchbase/data/@analytics/v_iodevice_0/txn-log/checkpoint_7
2019-12-02T14:02:47.078+00:00 WARN CBAS.recovery.AbstractCheckpointManager [main] Reading checkpoint file: /opt/couchbase/var/lib/couchbase/data/@analytics/v_iodevice_0/txn-log/checkpoint_8
2019-12-02T14:02:47.083+00:00 WARN CBAS.recovery.AbstractCheckpointManager [main] Reading checkpoint file: /opt/couchbase/var/lib/couchbase/data/@analytics/v_iodevice_0/txn-log/checkpoint_6
2019-12-02T14:02:47.148+00:00 WARN CBAS.recovery.AbstractCheckpointManager [main] Reading checkpoint file: /opt/couchbase/var/lib/couchbase/data/@analytics/v_iodevice_0/txn-log/checkpoint_7
2019-12-02T14:02:47.153+00:00 WARN CBAS.recovery.AbstractCheckpointManager [main] Reading checkpoint file: /opt/couchbase/var/lib/couchbase/data/@analytics/v_iodevice_0/txn-log/checkpoint_8
2019-12-02T14:02:47.158+00:00 WARN CBAS.recovery.AbstractCheckpointManager [main] Reading checkpoint file: /opt/couchbase/var/lib/couchbase/data/@analytics/v_iodevice_0/txn-log/checkpoint_6
2019-12-02T14:02:47.166+00:00 WARN CBAS.recovery.AbstractCheckpointManager [main] Reading checkpoint file: /opt/couchbase/var/lib/couchbase/data/@analytics/v_iodevice_0/txn-log/checkpoint_7
2019-12-02T14:02:47.169+00:00 WARN CBAS.recovery.AbstractCheckpointManager [main] Reading checkpoint file: /opt/couchbase/var/lib/couchbase/data/@analytics/v_iodevice_0/txn-log/checkpoint_8
2019-12-02T14:02:47.174+00:00 WARN CBAS.recovery.AbstractCheckpointManager [main] Reading checkpoint file: /opt/couchbase/var/lib/couchbase/data/@analytics/v_iodevice_0/txn-log/checkpoint_6
2019-12-02T14:02:48.396+00:00 WARN CBAS.cluster.NodeManager [Worker:ClusterController] +addNode: 1261062758c5b045ef2ab47d2962b13c
2019-12-02T14:02:50.284+00:00 WARN CBAS.server.AnalyticsHttpsServerInitializer [main] Configured SSL Context using configuration {"certificatePath":"/opt/couchbase/var/lib/couchbase/config/memcached-cert.pem","privateKeyPath":"/opt/couchbase/var/lib/couchbase/config/memcached-key.pem","clientCertAuthType":"NONE","supportedCiphers":["TLS_RSA_WITH_AES_128_CBC_SHA","TLS_RSA_WITH_AES_256_CBC_SHA","TLS_ECDHE_ECDSA_WITH_AES_256_CBC_SHA","TLS_ECDHE_RSA_WITH_AES_256_CBC_SHA","TLS_ECDHE_RSA_WITH_AES_128_GCM_SHA256","TLS_ECDHE_ECDSA_WITH_AES_128_GCM_SHA256"],"minTlsVersion":1.0,"supportedProtocols":["TLSv1","TLSv1.1","TLSv1.2"],"clientAuth":"NONE"} and native openssl version: BoringSSL-269484159
2019-12-02T14:02:50.317+00:00 WARN CBAS.recovery.AbstractCheckpointManager [Executor-9:1261062758c5b045ef2ab47d2962b13c] Reading checkpoint file: /opt/couchbase/var/lib/couchbase/data/@analytics/v_iodevice_0/txn-log/checkpoint_7
2019-12-02T14:02:50.326+00:00 WARN CBAS.recovery.AbstractCheckpointManager [Executor-9:1261062758c5b045ef2ab47d2962b13c] Reading checkpoint file: /opt/couchbase/var/lib/couchbase/data/@analytics/v_iodevice_0/txn-log/checkpoint_8
2019-12-02T14:02:50.334+00:00 WARN CBAS.recovery.AbstractCheckpointManager [Executor-9:1261062758c5b045ef2ab47d2962b13c] Reading checkpoint file: /opt/couchbase/var/lib/couchbase/data/@analytics/v_iodevice_0/txn-log/checkpoint_6
2019-12-02T14:02:50.435+00:00 WARN CBAS.recovery.AbstractCheckpointManager [Executor-9:1261062758c5b045ef2ab47d2962b13c] Reading checkpoint file: /opt/couchbase/var/lib/couchbase/data/@analytics/v_iodevice_0/txn-log/checkpoint_7
2019-12-02T14:02:50.443+00:00 WARN CBAS.recovery.AbstractCheckpointManager [Executor-9:1261062758c5b045ef2ab47d2962b13c] Reading checkpoint file: /opt/couchbase/var/lib/couchbase/data/@analytics/v_iodevice_0/txn-log/checkpoint_8
2019-12-02T14:02:50.449+00:00 WARN CBAS.recovery.AbstractCheckpointManager [Executor-9:1261062758c5b045ef2ab47d2962b13c] Reading checkpoint file: /opt/couchbase/var/lib/couchbase/data/@analytics/v_iodevice_0/txn-log/checkpoint_6
2019-12-02T14:02:52.214+00:00 WARN CBAS.recovery.AbstractCheckpointManager [Executor-9:1261062758c5b045ef2ab47d2962b13c] Reading checkpoint file: /opt/couchbase/var/lib/couchbase/data/@analytics/v_iodevice_0/txn-log/checkpoint_7
2019-12-02T14:02:52.217+00:00 WARN CBAS.recovery.AbstractCheckpointManager [Executor-9:1261062758c5b045ef2ab47d2962b13c] Reading checkpoint file: /opt/couchbase/var/lib/couchbase/data/@analytics/v_iodevice_0/txn-log/checkpoint_9
2019-12-02T14:02:52.221+00:00 WARN CBAS.recovery.AbstractCheckpointManager [Executor-9:1261062758c5b045ef2ab47d2962b13c] Reading checkpoint file: /opt/couchbase/var/lib/couchbase/data/@analytics/v_iodevice_0/txn-log/checkpoint_8
2019-12-02T14:02:52.224+00:00 WARN CBAS.recovery.AbstractCheckpointManager [Executor-9:1261062758c5b045ef2ab47d2962b13c] Reading checkpoint file: /opt/couchbase/var/lib/couchbase/data/@analytics/v_iodevice_0/txn-log/checkpoint_6
2019-12-02T14:02:52.228+00:00 WARN CBAS.recovery.AbstractCheckpointManager [Executor-9:1261062758c5b045ef2ab47d2962b13c] Deleting checkpoint file at: /opt/couchbase/var/lib/couchbase/data/@analytics/v_iodevice_0/txn-log/checkpoint_6
2019-12-02T14:02:52.869+00:00 WARN CBAS.rebalance.ReplicationUtil [Executor-3:ClusterController] Couldn't find additional candidate nodes for metadata replicas
2019-12-02T14:05:33.142+00:00 INFO CBAS.bootstrap.AnalyticsNCApplication [main] Starting Couchbase Analytics driver, version: {"build.date":"Mon Oct 07 13:47:00 UTC 2019","build.number":"2895","build.version":"6.0.3-2895"}
2019-12-02T14:05:33.268+00:00 WARN CBAS.recovery.AbstractCheckpointManager [main] Reading checkpoint file: /opt/couchbase/var/lib/couchbase/data/@analytics/v_iodevice_0/txn-log/checkpoint_7
2019-12-02T14:05:33.276+00:00 WARN CBAS.recovery.AbstractCheckpointManager [main] Reading checkpoint file: /opt/couchbase/var/lib/couchbase/data/@analytics/v_iodevice_0/txn-log/checkpoint_9
2019-12-02T14:05:33.283+00:00 WARN CBAS.recovery.AbstractCheckpointManager [main] Reading checkpoint file: /opt/couchbase/var/lib/couchbase/data/@analytics/v_iodevice_0/txn-log/checkpoint_8
2019-12-02T14:05:33.368+00:00 WARN CBAS.recovery.AbstractCheckpointManager [main] Reading checkpoint file: /opt/couchbase/var/lib/couchbase/data/@analytics/v_iodevice_0/txn-log/checkpoint_7
2019-12-02T14:05:33.381+00:00 WARN CBAS.recovery.AbstractCheckpointManager [main] Reading checkpoint file: /opt/couchbase/var/lib/couchbase/data/@analytics/v_iodevice_0/txn-log/checkpoint_9
2019-12-02T14:05:33.387+00:00 WARN CBAS.recovery.AbstractCheckpointManager [main] Reading checkpoint file: /opt/couchbase/var/lib/couchbase/data/@analytics/v_iodevice_0/txn-log/checkpoint_8
2019-12-02T14:05:33.475+00:00 WARN CBAS.recovery.AbstractCheckpointManager [main] Reading checkpoint file: /opt/couchbase/var/lib/couchbase/data/@analytics/v_iodevice_0/txn-log/checkpoint_7
2019-12-02T14:05:33.481+00:00 WARN CBAS.recovery.AbstractCheckpointManager [main] Reading checkpoint file: /opt/couchbase/var/lib/couchbase/data/@analytics/v_iodevice_0/txn-log/checkpoint_9
2019-12-02T14:05:33.487+00:00 WARN CBAS.recovery.AbstractCheckpointManager [main] Reading checkpoint file: /opt/couchbase/var/lib/couchbase/data/@analytics/v_iodevice_0/txn-log/checkpoint_8
2019-12-02T14:05:33.499+00:00 WARN CBAS.recovery.AbstractCheckpointManager [main] Reading checkpoint file: /opt/couchbase/var/lib/couchbase/data/@analytics/v_iodevice_0/txn-log/checkpoint_7
2019-12-02T14:05:33.504+00:00 WARN CBAS.recovery.AbstractCheckpointManager [main] Reading checkpoint file: /opt/couchbase/var/lib/couchbase/data/@analytics/v_iodevice_0/txn-log/checkpoint_9
2019-12-02T14:05:33.511+00:00 WARN CBAS.recovery.AbstractCheckpointManager [main] Reading checkpoint file: /opt/couchbase/var/lib/couchbase/data/@analytics/v_iodevice_0/txn-log/checkpoint_8
2019-12-02T14:05:34.887+00:00 WARN CBAS.cluster.NodeManager [Worker:ClusterController] +addNode: 1261062758c5b045ef2ab47d2962b13c
2019-12-02T14:05:36.286+00:00 WARN CBAS.server.AnalyticsHttpsServerInitializer [main] Configured SSL Context using configuration {"certificatePath":"/opt/couchbase/var/lib/couchbase/config/memcached-cert.pem","privateKeyPath":"/opt/couchbase/var/lib/couchbase/config/memcached-key.pem","clientCertAuthType":"NONE","supportedCiphers":["TLS_RSA_WITH_AES_128_CBC_SHA","TLS_RSA_WITH_AES_256_CBC_SHA","TLS_ECDHE_ECDSA_WITH_AES_256_CBC_SHA","TLS_ECDHE_RSA_WITH_AES_256_CBC_SHA","TLS_ECDHE_RSA_WITH_AES_128_GCM_SHA256","TLS_ECDHE_ECDSA_WITH_AES_128_GCM_SHA256"],"minTlsVersion":1.0,"supportedProtocols":["TLSv1","TLSv1.1","TLSv1.2"],"clientAuth":"NONE"} and native openssl version: BoringSSL-269484159
2019-12-02T14:05:36.335+00:00 WARN CBAS.recovery.AbstractCheckpointManager [Executor-9:1261062758c5b045ef2ab47d2962b13c] Reading checkpoint file: /opt/couchbase/var/lib/couchbase/data/@analytics/v_iodevice_0/txn-log/checkpoint_7
2019-12-02T14:05:36.339+00:00 WARN CBAS.recovery.AbstractCheckpointManager [Executor-9:1261062758c5b045ef2ab47d2962b13c] Reading checkpoint file: /opt/couchbase/var/lib/couchbase/data/@analytics/v_iodevice_0/txn-log/checkpoint_9
2019-12-02T14:05:36.345+00:00 WARN CBAS.recovery.AbstractCheckpointManager [Executor-9:1261062758c5b045ef2ab47d2962b13c] Reading checkpoint file: /opt/couchbase/var/lib/couchbase/data/@analytics/v_iodevice_0/txn-log/checkpoint_8
2019-12-02T14:05:36.392+00:00 WARN CBAS.recovery.AbstractCheckpointManager [Executor-9:1261062758c5b045ef2ab47d2962b13c] Reading checkpoint file: /opt/couchbase/var/lib/couchbase/data/@analytics/v_iodevice_0/txn-log/checkpoint_7
2019-12-02T14:05:36.396+00:00 WARN CBAS.recovery.AbstractCheckpointManager [Executor-9:1261062758c5b045ef2ab47d2962b13c] Reading checkpoint file: /opt/couchbase/var/lib/couchbase/data/@analytics/v_iodevice_0/txn-log/checkpoint_9
2019-12-02T14:05:36.409+00:00 WARN CBAS.recovery.AbstractCheckpointManager [Executor-9:1261062758c5b045ef2ab47d2962b13c] Reading checkpoint file: /opt/couchbase/var/lib/couchbase/data/@analytics/v_iodevice_0/txn-log/checkpoint_8
2019-12-02T14:05:37.915+00:00 WARN CBAS.recovery.AbstractCheckpointManager [Executor-9:1261062758c5b045ef2ab47d2962b13c] Reading checkpoint file: /opt/couchbase/var/lib/couchbase/data/@analytics/v_iodevice_0/txn-log/checkpoint_7
2019-12-02T14:05:37.922+00:00 WARN CBAS.recovery.AbstractCheckpointManager [Executor-9:1261062758c5b045ef2ab47d2962b13c] Reading checkpoint file: /opt/couchbase/var/lib/couchbase/data/@analytics/v_iodevice_0/txn-log/checkpoint_9
2019-12-02T14:05:37.926+00:00 WARN CBAS.recovery.AbstractCheckpointManager [Executor-9:1261062758c5b045ef2ab47d2962b13c] Reading checkpoint file: /opt/couchbase/var/lib/couchbase/data/@analytics/v_iodevice_0/txn-log/checkpoint_8
2019-12-02T14:05:37.935+00:00 WARN CBAS.recovery.AbstractCheckpointManager [Executor-9:1261062758c5b045ef2ab47d2962b13c] Reading checkpoint file: /opt/couchbase/var/lib/couchbase/data/@analytics/v_iodevice_0/txn-log/checkpoint_10
2019-12-02T14:05:37.940+00:00 WARN CBAS.recovery.AbstractCheckpointManager [Executor-9:1261062758c5b045ef2ab47d2962b13c] Deleting checkpoint file at: /opt/couchbase/var/lib/couchbase/data/@analytics/v_iodevice_0/txn-log/checkpoint_7
2019-12-02T14:05:38.368+00:00 WARN CBAS.rebalance.ReplicationUtil [Executor-3:ClusterController] Couldn't find additional candidate nodes for metadata replicas
2019-12-02T14:06:20.867+00:00 INFO CBAS.bootstrap.AnalyticsNCApplication [main] Starting Couchbase Analytics driver, version: {"build.date":"Mon Oct 07 13:47:00 UTC 2019","build.number":"2895","build.version":"6.0.3-2895"}
2019-12-02T14:06:20.980+00:00 WARN CBAS.recovery.AbstractCheckpointManager [main] Reading checkpoint file: /opt/couchbase/var/lib/couchbase/data/@analytics/v_iodevice_0/txn-log/checkpoint_9
2019-12-02T14:06:20.988+00:00 WARN CBAS.recovery.AbstractCheckpointManager [main] Reading checkpoint file: /opt/couchbase/var/lib/couchbase/data/@analytics/v_iodevice_0/txn-log/checkpoint_8
2019-12-02T14:06:20.997+00:00 WARN CBAS.recovery.AbstractCheckpointManager [main] Reading checkpoint file: /opt/couchbase/var/lib/couchbase/data/@analytics/v_iodevice_0/txn-log/checkpoint_10
2019-12-02T14:06:21.050+00:00 WARN CBAS.recovery.AbstractCheckpointManager [main] Reading checkpoint file: /opt/couchbase/var/lib/couchbase/data/@analytics/v_iodevice_0/txn-log/checkpoint_9
2019-12-02T14:06:21.057+00:00 WARN CBAS.recovery.AbstractCheckpointManager [main] Reading checkpoint file: /opt/couchbase/var/lib/couchbase/data/@analytics/v_iodevice_0/txn-log/checkpoint_8
2019-12-02T14:06:21.063+00:00 WARN CBAS.recovery.AbstractCheckpointManager [main] Reading checkpoint file: /opt/couchbase/var/lib/couchbase/data/@analytics/v_iodevice_0/txn-log/checkpoint_10
2019-12-02T14:06:21.141+00:00 WARN CBAS.recovery.AbstractCheckpointManager [main] Reading checkpoint file: /opt/couchbase/var/lib/couchbase/data/@analytics/v_iodevice_0/txn-log/checkpoint_9
2019-12-02T14:06:21.149+00:00 WARN CBAS.recovery.AbstractCheckpointManager [main] Reading checkpoint file: /opt/couchbase/var/lib/couchbase/data/@analytics/v_iodevice_0/txn-log/checkpoint_8
2019-12-02T14:06:21.156+00:00 WARN CBAS.recovery.AbstractCheckpointManager [main] Reading checkpoint file: /opt/couchbase/var/lib/couchbase/data/@analytics/v_iodevice_0/txn-log/checkpoint_10
2019-12-02T14:06:21.167+00:00 WARN CBAS.recovery.AbstractCheckpointManager [main] Reading checkpoint file: /opt/couchbase/var/lib/couchbase/data/@analytics/v_iodevice_0/txn-log/checkpoint_9
2019-12-02T14:06:21.176+00:00 WARN CBAS.recovery.AbstractCheckpointManager [main] Reading checkpoint file: /opt/couchbase/var/lib/couchbase/data/@analytics/v_iodevice_0/txn-log/checkpoint_8
2019-12-02T14:06:21.183+00:00 WARN CBAS.recovery.AbstractCheckpointManager [main] Reading checkpoint file: /opt/couchbase/var/lib/couchbase/data/@analytics/v_iodevice_0/txn-log/checkpoint_10
2019-12-02T14:06:22.934+00:00 WARN CBAS.cluster.NodeManager [Worker:ClusterController] +addNode: 1261062758c5b045ef2ab47d2962b13c
2019-12-02T14:06:24.624+00:00 WARN CBAS.server.AnalyticsHttpsServerInitializer [main] Configured SSL Context using configuration {"certificatePath":"/opt/couchbase/var/lib/couchbase/config/memcached-cert.pem","privateKeyPath":"/opt/couchbase/var/lib/couchbase/config/memcached-key.pem","clientCertAuthType":"NONE","supportedCiphers":["TLS_RSA_WITH_AES_128_CBC_SHA","TLS_RSA_WITH_AES_256_CBC_SHA","TLS_ECDHE_ECDSA_WITH_AES_256_CBC_SHA","TLS_ECDHE_RSA_WITH_AES_256_CBC_SHA","TLS_ECDHE_RSA_WITH_AES_128_GCM_SHA256","TLS_ECDHE_ECDSA_WITH_AES_128_GCM_SHA256"],"minTlsVersion":1.0,"supportedProtocols":["TLSv1","TLSv1.1","TLSv1.2"],"clientAuth":"NONE"} and native openssl version: BoringSSL-269484159
2019-12-02T14:06:24.662+00:00 WARN CBAS.recovery.AbstractCheckpointManager [Executor-9:1261062758c5b045ef2ab47d2962b13c] Reading checkpoint file: /opt/couchbase/var/lib/couchbase/data/@analytics/v_iodevice_0/txn-log/checkpoint_9
2019-12-02T14:06:24.670+00:00 WARN CBAS.recovery.AbstractCheckpointManager [Executor-9:1261062758c5b045ef2ab47d2962b13c] Reading checkpoint file: /opt/couchbase/var/lib/couchbase/data/@analytics/v_iodevice_0/txn-log/checkpoint_8
2019-12-02T14:06:24.674+00:00 WARN CBAS.recovery.AbstractCheckpointManager [Executor-9:1261062758c5b045ef2ab47d2962b13c] Reading checkpoint file: /opt/couchbase/var/lib/couchbase/data/@analytics/v_iodevice_0/txn-log/checkpoint_10
2019-12-02T14:06:24.767+00:00 WARN CBAS.recovery.AbstractCheckpointManager [Executor-9:1261062758c5b045ef2ab47d2962b13c] Reading checkpoint file: /opt/couchbase/var/lib/couchbase/data/@analytics/v_iodevice_0/txn-log/checkpoint_9
2019-12-02T14:06:24.774+00:00 WARN CBAS.recovery.AbstractCheckpointManager [Executor-9:1261062758c5b045ef2ab47d2962b13c] Reading checkpoint file: /opt/couchbase/var/lib/couchbase/data/@analytics/v_iodevice_0/txn-log/checkpoint_8
2019-12-02T14:06:24.779+00:00 WARN CBAS.recovery.AbstractCheckpointManager [Executor-9:1261062758c5b045ef2ab47d2962b13c] Reading checkpoint file: /opt/couchbase/var/lib/couchbase/data/@analytics/v_iodevice_0/txn-log/checkpoint_10
2019-12-02T14:06:26.419+00:00 WARN CBAS.recovery.AbstractCheckpointManager [Executor-9:1261062758c5b045ef2ab47d2962b13c] Reading checkpoint file: /opt/couchbase/var/lib/couchbase/data/@analytics/v_iodevice_0/txn-log/checkpoint_9
2019-12-02T14:06:26.430+00:00 WARN CBAS.recovery.AbstractCheckpointManager [Executor-9:1261062758c5b045ef2ab47d2962b13c] Reading checkpoint file: /opt/couchbase/var/lib/couchbase/data/@analytics/v_iodevice_0/txn-log/checkpoint_8
2019-12-02T14:06:26.437+00:00 WARN CBAS.recovery.AbstractCheckpointManager [Executor-9:1261062758c5b045ef2ab47d2962b13c] Reading checkpoint file: /opt/couchbase/var/lib/couchbase/data/@analytics/v_iodevice_0/txn-log/checkpoint_11
2019-12-02T14:06:26.443+00:00 WARN CBAS.recovery.AbstractCheckpointManager [Executor-9:1261062758c5b045ef2ab47d2962b13c] Reading checkpoint file: /opt/couchbase/var/lib/couchbase/data/@analytics/v_iodevice_0/txn-log/checkpoint_10
2019-12-02T14:06:26.451+00:00 WARN CBAS.recovery.AbstractCheckpointManager [Executor-9:1261062758c5b045ef2ab47d2962b13c] Deleting checkpoint file at: /opt/couchbase/var/lib/couchbase/data/@analytics/v_iodevice_0/txn-log/checkpoint_8
2019-12-02T14:06:27.116+00:00 WARN CBAS.rebalance.ReplicationUtil [Executor-3:ClusterController] Couldn't find additional candidate nodes for metadata replicas
2019-12-02T14:14:05.272+00:00 INFO CBAS.bootstrap.AnalyticsNCApplication [main] Starting Couchbase Analytics driver, version: {"build.date":"Mon Oct 07 13:47:00 UTC 2019","build.number":"2895","build.version":"6.0.3-2895"}
2019-12-02T14:14:05.405+00:00 WARN CBAS.recovery.AbstractCheckpointManager [main] Reading checkpoint file: /opt/couchbase/var/lib/couchbase/data/@analytics/v_iodevice_0/txn-log/checkpoint_9
2019-12-02T14:14:05.419+00:00 WARN CBAS.recovery.AbstractCheckpointManager [main] Reading checkpoint file: /opt/couchbase/var/lib/couchbase/data/@analytics/v_iodevice_0/txn-log/checkpoint_11
2019-12-02T14:14:05.430+00:00 WARN CBAS.recovery.AbstractCheckpointManager [main] Reading checkpoint file: /opt/couchbase/var/lib/couchbase/data/@analytics/v_iodevice_0/txn-log/checkpoint_10
2019-12-02T14:14:05.494+00:00 WARN CBAS.recovery.AbstractCheckpointManager [main] Reading checkpoint file: /opt/couchbase/var/lib/couchbase/data/@analytics/v_iodevice_0/txn-log/checkpoint_9
2019-12-02T14:14:05.501+00:00 WARN CBAS.recovery.AbstractCheckpointManager [main] Reading checkpoint file: /opt/couchbase/var/lib/couchbase/data/@analytics/v_iodevice_0/txn-log/checkpoint_11
2019-12-02T14:14:05.510+00:00 WARN CBAS.recovery.AbstractCheckpointManager [main] Reading checkpoint file: /opt/couchbase/var/lib/couchbase/data/@analytics/v_iodevice_0/txn-log/checkpoint_10
2019-12-02T14:14:05.587+00:00 WARN CBAS.recovery.AbstractCheckpointManager [main] Reading checkpoint file: /opt/couchbase/var/lib/couchbase/data/@analytics/v_iodevice_0/txn-log/checkpoint_9
2019-12-02T14:14:05.593+00:00 WARN CBAS.recovery.AbstractCheckpointManager [main] Reading checkpoint file: /opt/couchbase/var/lib/couchbase/data/@analytics/v_iodevice_0/txn-log/checkpoint_11
2019-12-02T14:14:05.597+00:00 WARN CBAS.recovery.AbstractCheckpointManager [main] Reading checkpoint file: /opt/couchbase/var/lib/couchbase/data/@analytics/v_iodevice_0/txn-log/checkpoint_10
2019-12-02T14:14:05.607+00:00 WARN CBAS.recovery.AbstractCheckpointManager [main] Reading checkpoint file: /opt/couchbase/var/lib/couchbase/data/@analytics/v_iodevice_0/txn-log/checkpoint_9
2019-12-02T14:14:05.611+00:00 WARN CBAS.recovery.AbstractCheckpointManager [main] Reading checkpoint file: /opt/couchbase/var/lib/couchbase/data/@analytics/v_iodevice_0/txn-log/checkpoint_11
2019-12-02T14:14:05.616+00:00 WARN CBAS.recovery.AbstractCheckpointManager [main] Reading checkpoint file: /opt/couchbase/var/lib/couchbase/data/@analytics/v_iodevice_0/txn-log/checkpoint_10
2019-12-02T14:14:07.301+00:00 WARN CBAS.cluster.NodeManager [Worker:ClusterController] +addNode: 1261062758c5b045ef2ab47d2962b13c
2019-12-02T14:14:09.241+00:00 WARN CBAS.server.AnalyticsHttpsServerInitializer [main] Configured SSL Context using configuration {"certificatePath":"/opt/couchbase/var/lib/couchbase/config/memcached-cert.pem","privateKeyPath":"/opt/couchbase/var/lib/couchbase/config/memcached-key.pem","clientCertAuthType":"NONE","supportedCiphers":["TLS_RSA_WITH_AES_128_CBC_SHA","TLS_RSA_WITH_AES_256_CBC_SHA","TLS_ECDHE_ECDSA_WITH_AES_256_CBC_SHA","TLS_ECDHE_RSA_WITH_AES_256_CBC_SHA","TLS_ECDHE_RSA_WITH_AES_128_GCM_SHA256","TLS_ECDHE_ECDSA_WITH_AES_128_GCM_SHA256"],"minTlsVersion":1.0,"supportedProtocols":["TLSv1","TLSv1.1","TLSv1.2"],"clientAuth":"NONE"} and native openssl version: BoringSSL-269484159
2019-12-02T14:14:09.306+00:00 WARN CBAS.recovery.AbstractCheckpointManager [Executor-9:1261062758c5b045ef2ab47d2962b13c] Reading checkpoint file: /opt/couchbase/var/lib/couchbase/data/@analytics/v_iodevice_0/txn-log/checkpoint_9
2019-12-02T14:14:09.315+00:00 WARN CBAS.recovery.AbstractCheckpointManager [Executor-9:1261062758c5b045ef2ab47d2962b13c] Reading checkpoint file: /opt/couchbase/var/lib/couchbase/data/@analytics/v_iodevice_0/txn-log/checkpoint_11
2019-12-02T14:14:09.320+00:00 WARN CBAS.recovery.AbstractCheckpointManager [Executor-9:1261062758c5b045ef2ab47d2962b13c] Reading checkpoint file: /opt/couchbase/var/lib/couchbase/data/@analytics/v_iodevice_0/txn-log/checkpoint_10
2019-12-02T14:14:09.418+00:00 WARN CBAS.recovery.AbstractCheckpointManager [Executor-9:1261062758c5b045ef2ab47d2962b13c] Reading checkpoint file: /opt/couchbase/var/lib/couchbase/data/@analytics/v_iodevice_0/txn-log/checkpoint_9
2019-12-02T14:14:09.424+00:00 WARN CBAS.recovery.AbstractCheckpointManager [Executor-9:1261062758c5b045ef2ab47d2962b13c] Reading checkpoint file: /opt/couchbase/var/lib/couchbase/data/@analytics/v_iodevice_0/txn-log/checkpoint_11
2019-12-02T14:14:09.428+00:00 WARN CBAS.recovery.AbstractCheckpointManager [Executor-9:1261062758c5b045ef2ab47d2962b13c] Reading checkpoint file: /opt/couchbase/var/lib/couchbase/data/@analytics/v_iodevice_0/txn-log/checkpoint_10
2019-12-02T14:14:11.325+00:00 WARN CBAS.recovery.AbstractCheckpointManager [Executor-9:1261062758c5b045ef2ab47d2962b13c] Reading checkpoint file: /opt/couchbase/var/lib/couchbase/data/@analytics/v_iodevice_0/txn-log/checkpoint_9
2019-12-02T14:14:11.334+00:00 WARN CBAS.recovery.AbstractCheckpointManager [Executor-9:1261062758c5b045ef2ab47d2962b13c] Reading checkpoint file: /opt/couchbase/var/lib/couchbase/data/@analytics/v_iodevice_0/txn-log/checkpoint_12
2019-12-02T14:14:11.339+00:00 WARN CBAS.recovery.AbstractCheckpointManager [Executor-9:1261062758c5b045ef2ab47d2962b13c] Reading checkpoint file: /opt/couchbase/var/lib/couchbase/data/@analytics/v_iodevice_0/txn-log/checkpoint_11
2019-12-02T14:14:11.346+00:00 WARN CBAS.recovery.AbstractCheckpointManager [Executor-9:1261062758c5b045ef2ab47d2962b13c] Reading checkpoint file: /opt/couchbase/var/lib/couchbase/data/@analytics/v_iodevice_0/txn-log/checkpoint_10
2019-12-02T14:14:11.350+00:00 WARN CBAS.recovery.AbstractCheckpointManager [Executor-9:1261062758c5b045ef2ab47d2962b13c] Deleting checkpoint file at: /opt/couchbase/var/lib/couchbase/data/@analytics/v_iodevice_0/txn-log/checkpoint_9
2019-12-02T14:14:12.016+00:00 WARN CBAS.rebalance.ReplicationUtil [Executor-3:ClusterController] Couldn't find additional candidate nodes for metadata replicas
2019-12-02T14:22:01.185+00:00 INFO CBAS.bootstrap.AnalyticsNCApplication [main] Starting Couchbase Analytics driver, version: {"build.date":"Mon Oct 07 13:47:00 UTC 2019","build.number":"2895","build.version":"6.0.3-2895"}
2019-12-02T14:22:01.342+00:00 WARN CBAS.recovery.AbstractCheckpointManager [main] Reading checkpoint file: /opt/couchbase/var/lib/couchbase/data/@analytics/v_iodevice_0/txn-log/checkpoint_12
2019-12-02T14:22:01.351+00:00 WARN CBAS.recovery.AbstractCheckpointManager [main] Reading checkpoint file: /opt/couchbase/var/lib/couchbase/data/@analytics/v_iodevice_0/txn-log/checkpoint_11
2019-12-02T14:22:01.357+00:00 WARN CBAS.recovery.AbstractCheckpointManager [main] Reading checkpoint file: /opt/couchbase/var/lib/couchbase/data/@analytics/v_iodevice_0/txn-log/checkpoint_10
2019-12-02T14:22:01.428+00:00 WARN CBAS.recovery.AbstractCheckpointManager [main] Reading checkpoint file: /opt/couchbase/var/lib/couchbase/data/@analytics/v_iodevice_0/txn-log/checkpoint_12
2019-12-02T14:22:01.436+00:00 WARN CBAS.recovery.AbstractCheckpointManager [main] Reading checkpoint file: /opt/couchbase/var/lib/couchbase/data/@analytics/v_iodevice_0/txn-log/checkpoint_11
2019-12-02T14:22:01.444+00:00 WARN CBAS.recovery.AbstractCheckpointManager [main] Reading checkpoint file: /opt/couchbase/var/lib/couchbase/data/@analytics/v_iodevice_0/txn-log/checkpoint_10
2019-12-02T14:22:01.558+00:00 WARN CBAS.recovery.AbstractCheckpointManager [main] Reading checkpoint file: /opt/couchbase/var/lib/couchbase/data/@analytics/v_iodevice_0/txn-log/checkpoint_12
2019-12-02T14:22:01.565+00:00 WARN CBAS.recovery.AbstractCheckpointManager [main] Reading checkpoint file: /opt/couchbase/var/lib/couchbase/data/@analytics/v_iodevice_0/txn-log/checkpoint_11
2019-12-02T14:22:01.570+00:00 WARN CBAS.recovery.AbstractCheckpointManager [main] Reading checkpoint file: /opt/couchbase/var/lib/couchbase/data/@analytics/v_iodevice_0/txn-log/checkpoint_10
2019-12-02T14:22:01.580+00:00 WARN CBAS.recovery.AbstractCheckpointManager [main] Reading checkpoint file: /opt/couchbase/var/lib/couchbase/data/@analytics/v_iodevice_0/txn-log/checkpoint_12
2019-12-02T14:22:01.584+00:00 WARN CBAS.recovery.AbstractCheckpointManager [main] Reading checkpoint file: /opt/couchbase/var/lib/couchbase/data/@analytics/v_iodevice_0/txn-log/checkpoint_11
2019-12-02T14:22:01.589+00:00 WARN CBAS.recovery.AbstractCheckpointManager [main] Reading checkpoint file: /opt/couchbase/var/lib/couchbase/data/@analytics/v_iodevice_0/txn-log/checkpoint_10
2019-12-02T14:22:03.188+00:00 WARN CBAS.cluster.NodeManager [Worker:ClusterController] +addNode: 1261062758c5b045ef2ab47d2962b13c
2019-12-02T14:22:04.741+00:00 WARN CBAS.server.AnalyticsHttpsServerInitializer [main] Configured SSL Context using configuration {"certificatePath":"/opt/couchbase/var/lib/couchbase/config/memcached-cert.pem","privateKeyPath":"/opt/couchbase/var/lib/couchbase/config/memcached-key.pem","clientCertAuthType":"NONE","supportedCiphers":["TLS_RSA_WITH_AES_128_CBC_SHA","TLS_RSA_WITH_AES_256_CBC_SHA","TLS_ECDHE_ECDSA_WITH_AES_256_CBC_SHA","TLS_ECDHE_RSA_WITH_AES_256_CBC_SHA","TLS_ECDHE_RSA_WITH_AES_128_GCM_SHA256","TLS_ECDHE_ECDSA_WITH_AES_128_GCM_SHA256"],"minTlsVersion":1.0,"supportedProtocols":["TLSv1","TLSv1.1","TLSv1.2"],"clientAuth":"NONE"} and native openssl version: BoringSSL-269484159
2019-12-02T14:22:04.775+00:00 WARN CBAS.recovery.AbstractCheckpointManager [Executor-9:1261062758c5b045ef2ab47d2962b13c] Reading checkpoint file: /opt/couchbase/var/lib/couchbase/data/@analytics/v_iodevice_0/txn-log/checkpoint_12
2019-12-02T14:22:04.784+00:00 WARN CBAS.recovery.AbstractCheckpointManager [Executor-9:1261062758c5b045ef2ab47d2962b13c] Reading checkpoint file: /opt/couchbase/var/lib/couchbase/data/@analytics/v_iodevice_0/txn-log/checkpoint_11
2019-12-02T14:22:04.792+00:00 WARN CBAS.recovery.AbstractCheckpointManager [Executor-9:1261062758c5b045ef2ab47d2962b13c] Reading checkpoint file: /opt/couchbase/var/lib/couchbase/data/@analytics/v_iodevice_0/txn-log/checkpoint_10
2019-12-02T14:22:04.878+00:00 WARN CBAS.recovery.AbstractCheckpointManager [Executor-9:1261062758c5b045ef2ab47d2962b13c] Reading checkpoint file: /opt/couchbase/var/lib/couchbase/data/@analytics/v_iodevice_0/txn-log/checkpoint_12
2019-12-02T14:22:04.883+00:00 WARN CBAS.recovery.AbstractCheckpointManager [Executor-9:1261062758c5b045ef2ab47d2962b13c] Reading checkpoint file: /opt/couchbase/var/lib/couchbase/data/@analytics/v_iodevice_0/txn-log/checkpoint_11
2019-12-02T14:22:04.889+00:00 WARN CBAS.recovery.AbstractCheckpointManager [Executor-9:1261062758c5b045ef2ab47d2962b13c] Reading checkpoint file: /opt/couchbase/var/lib/couchbase/data/@analytics/v_iodevice_0/txn-log/checkpoint_10
2019-12-02T14:22:06.898+00:00 WARN CBAS.recovery.AbstractCheckpointManager [Executor-9:1261062758c5b045ef2ab47d2962b13c] Reading checkpoint file: /opt/couchbase/var/lib/couchbase/data/@analytics/v_iodevice_0/txn-log/checkpoint_12
2019-12-02T14:22:06.903+00:00 WARN CBAS.recovery.AbstractCheckpointManager [Executor-9:1261062758c5b045ef2ab47d2962b13c] Reading checkpoint file: /opt/couchbase/var/lib/couchbase/data/@analytics/v_iodevice_0/txn-log/checkpoint_13
2019-12-02T14:22:06.908+00:00 WARN CBAS.recovery.AbstractCheckpointManager [Executor-9:1261062758c5b045ef2ab47d2962b13c] Reading checkpoint file: /opt/couchbase/var/lib/couchbase/data/@analytics/v_iodevice_0/txn-log/checkpoint_11
2019-12-02T14:22:06.912+00:00 WARN CBAS.recovery.AbstractCheckpointManager [Executor-9:1261062758c5b045ef2ab47d2962b13c] Reading checkpoint file: /opt/couchbase/var/lib/couchbase/data/@analytics/v_iodevice_0/txn-log/checkpoint_10
2019-12-02T14:22:06.917+00:00 WARN CBAS.recovery.AbstractCheckpointManager [Executor-9:1261062758c5b045ef2ab47d2962b13c] Deleting checkpoint file at: /opt/couchbase/var/lib/couchbase/data/@analytics/v_iodevice_0/txn-log/checkpoint_10
2019-12-02T14:22:07.464+00:00 WARN CBAS.rebalance.ReplicationUtil [Executor-3:ClusterController] Couldn't find additional candidate nodes for metadata replicas
2019-12-02T14:45:32.628+00:00 INFO CBAS.bootstrap.AnalyticsNCApplication [main] Starting Couchbase Analytics driver, version: {"build.date":"Mon Oct 07 13:47:00 UTC 2019","build.number":"2895","build.version":"6.0.3-2895"}
2019-12-02T14:45:32.760+00:00 WARN CBAS.recovery.AbstractCheckpointManager [main] Reading checkpoint file: /opt/couchbase/var/lib/couchbase/data/@analytics/v_iodevice_0/txn-log/checkpoint_12
2019-12-02T14:45:32.771+00:00 WARN CBAS.recovery.AbstractCheckpointManager [main] Reading checkpoint file: /opt/couchbase/var/lib/couchbase/data/@analytics/v_iodevice_0/txn-log/checkpoint_13
2019-12-02T14:45:32.778+00:00 WARN CBAS.recovery.AbstractCheckpointManager [main] Reading checkpoint file: /opt/couchbase/var/lib/couchbase/data/@analytics/v_iodevice_0/txn-log/checkpoint_11
2019-12-02T14:45:32.818+00:00 WARN CBAS.recovery.AbstractCheckpointManager [main] Reading checkpoint file: /opt/couchbase/var/lib/couchbase/data/@analytics/v_iodevice_0/txn-log/checkpoint_12
2019-12-02T14:45:32.824+00:00 WARN CBAS.recovery.AbstractCheckpointManager [main] Reading checkpoint file: /opt/couchbase/var/lib/couchbase/data/@analytics/v_iodevice_0/txn-log/checkpoint_13
2019-12-02T14:45:32.828+00:00 WARN CBAS.recovery.AbstractCheckpointManager [main] Reading checkpoint file: /opt/couchbase/var/lib/couchbase/data/@analytics/v_iodevice_0/txn-log/checkpoint_11
2019-12-02T14:45:32.886+00:00 WARN CBAS.recovery.AbstractCheckpointManager [main] Reading checkpoint file: /opt/couchbase/var/lib/couchbase/data/@analytics/v_iodevice_0/txn-log/checkpoint_12
2019-12-02T14:45:32.892+00:00 WARN CBAS.recovery.AbstractCheckpointManager [main] Reading checkpoint file: /opt/couchbase/var/lib/couchbase/data/@analytics/v_iodevice_0/txn-log/checkpoint_13
2019-12-02T14:45:32.897+00:00 WARN CBAS.recovery.AbstractCheckpointManager [main] Reading checkpoint file: /opt/couchbase/var/lib/couchbase/data/@analytics/v_iodevice_0/txn-log/checkpoint_11
2019-12-02T14:45:32.907+00:00 WARN CBAS.recovery.AbstractCheckpointManager [main] Reading checkpoint file: /opt/couchbase/var/lib/couchbase/data/@analytics/v_iodevice_0/txn-log/checkpoint_12
2019-12-02T14:45:32.912+00:00 WARN CBAS.recovery.AbstractCheckpointManager [main] Reading checkpoint file: /opt/couchbase/var/lib/couchbase/data/@analytics/v_iodevice_0/txn-log/checkpoint_13
2019-12-02T14:45:32.917+00:00 WARN CBAS.recovery.AbstractCheckpointManager [main] Reading checkpoint file: /opt/couchbase/var/lib/couchbase/data/@analytics/v_iodevice_0/txn-log/checkpoint_11
2019-12-02T14:45:34.778+00:00 WARN CBAS.cluster.NodeManager [Worker:ClusterController] +addNode: 1261062758c5b045ef2ab47d2962b13c
2019-12-02T14:45:36.507+00:00 WARN CBAS.server.AnalyticsHttpsServerInitializer [main] Configured SSL Context using configuration {"certificatePath":"/opt/couchbase/var/lib/couchbase/config/memcached-cert.pem","privateKeyPath":"/opt/couchbase/var/lib/couchbase/config/memcached-key.pem","clientCertAuthType":"NONE","supportedCiphers":["TLS_RSA_WITH_AES_128_CBC_SHA","TLS_RSA_WITH_AES_256_CBC_SHA","TLS_ECDHE_ECDSA_WITH_AES_256_CBC_SHA","TLS_ECDHE_RSA_WITH_AES_256_CBC_SHA","TLS_ECDHE_RSA_WITH_AES_128_GCM_SHA256","TLS_ECDHE_ECDSA_WITH_AES_128_GCM_SHA256"],"minTlsVersion":1.0,"supportedProtocols":["TLSv1","TLSv1.1","TLSv1.2"],"clientAuth":"NONE"} and native openssl version: BoringSSL-269484159
2019-12-02T14:45:36.549+00:00 WARN CBAS.recovery.AbstractCheckpointManager [Executor-9:1261062758c5b045ef2ab47d2962b13c] Reading checkpoint file: /opt/couchbase/var/lib/couchbase/data/@analytics/v_iodevice_0/txn-log/checkpoint_12
2019-12-02T14:45:36.559+00:00 WARN CBAS.recovery.AbstractCheckpointManager [Executor-9:1261062758c5b045ef2ab47d2962b13c] Reading checkpoint file: /opt/couchbase/var/lib/couchbase/data/@analytics/v_iodevice_0/txn-log/checkpoint_13
2019-12-02T14:45:36.569+00:00 WARN CBAS.recovery.AbstractCheckpointManager [Executor-9:1261062758c5b045ef2ab47d2962b13c] Reading checkpoint file: /opt/couchbase/var/lib/couchbase/data/@analytics/v_iodevice_0/txn-log/checkpoint_11
2019-12-02T14:45:36.715+00:00 WARN CBAS.recovery.AbstractCheckpointManager [Executor-9:1261062758c5b045ef2ab47d2962b13c] Reading checkpoint file: /opt/couchbase/var/lib/couchbase/data/@analytics/v_iodevice_0/txn-log/checkpoint_12
2019-12-02T14:45:36.732+00:00 WARN CBAS.recovery.AbstractCheckpointManager [Executor-9:1261062758c5b045ef2ab47d2962b13c] Reading checkpoint file: /opt/couchbase/var/lib/couchbase/data/@analytics/v_iodevice_0/txn-log/checkpoint_13
2019-12-02T14:45:36.744+00:00 WARN CBAS.recovery.AbstractCheckpointManager [Executor-9:1261062758c5b045ef2ab47d2962b13c] Reading checkpoint file: /opt/couchbase/var/lib/couchbase/data/@analytics/v_iodevice_0/txn-log/checkpoint_11
2019-12-02T14:45:39.462+00:00 WARN CBAS.recovery.AbstractCheckpointManager [Executor-9:1261062758c5b045ef2ab47d2962b13c] Reading checkpoint file: /opt/couchbase/var/lib/couchbase/data/@analytics/v_iodevice_0/txn-log/checkpoint_12
2019-12-02T14:45:39.469+00:00 WARN CBAS.recovery.AbstractCheckpointManager [Executor-9:1261062758c5b045ef2ab47d2962b13c] Reading checkpoint file: /opt/couchbase/var/lib/couchbase/data/@analytics/v_iodevice_0/txn-log/checkpoint_13
2019-12-02T14:45:39.473+00:00 WARN CBAS.recovery.AbstractCheckpointManager [Executor-9:1261062758c5b045ef2ab47d2962b13c] Reading checkpoint file: /opt/couchbase/var/lib/couchbase/data/@analytics/v_iodevice_0/txn-log/checkpoint_14
2019-12-02T14:45:39.479+00:00 WARN CBAS.recovery.AbstractCheckpointManager [Executor-9:1261062758c5b045ef2ab47d2962b13c] Reading checkpoint file: /opt/couchbase/var/lib/couchbase/data/@analytics/v_iodevice_0/txn-log/checkpoint_11
2019-12-02T14:45:39.484+00:00 WARN CBAS.recovery.AbstractCheckpointManager [Executor-9:1261062758c5b045ef2ab47d2962b13c] Deleting checkpoint file at: /opt/couchbase/var/lib/couchbase/data/@analytics/v_iodevice_0/txn-log/checkpoint_11
2019-12-02T14:45:39.985+00:00 WARN CBAS.rebalance.ReplicationUtil [Executor-3:ClusterController] Couldn't find additional candidate nodes for metadata replicas
2019-12-02T15:00:45.051+00:00 INFO CBAS.bootstrap.AnalyticsNCApplication [main] Starting Couchbase Analytics driver, version: {"build.date":"Mon Oct 07 13:47:00 UTC 2019","build.number":"2895","build.version":"6.0.3-2895"}
2019-12-02T15:00:45.173+00:00 WARN CBAS.recovery.AbstractCheckpointManager [main] Reading checkpoint file: /opt/couchbase/var/lib/couchbase/data/@analytics/v_iodevice_0/txn-log/checkpoint_12
2019-12-02T15:00:45.180+00:00 WARN CBAS.recovery.AbstractCheckpointManager [main] Reading checkpoint file: /opt/couchbase/var/lib/couchbase/data/@analytics/v_iodevice_0/txn-log/checkpoint_13
2019-12-02T15:00:45.187+00:00 WARN CBAS.recovery.AbstractCheckpointManager [main] Reading checkpoint file: /opt/couchbase/var/lib/couchbase/data/@analytics/v_iodevice_0/txn-log/checkpoint_14
2019-12-02T15:00:45.285+00:00 WARN CBAS.recovery.AbstractCheckpointManager [main] Reading checkpoint file: /opt/couchbase/var/lib/couchbase/data/@analytics/v_iodevice_0/txn-log/checkpoint_12
2019-12-02T15:00:45.292+00:00 WARN CBAS.recovery.AbstractCheckpointManager [main] Reading checkpoint file: /opt/couchbase/var/lib/couchbase/data/@analytics/v_iodevice_0/txn-log/checkpoint_13
2019-12-02T15:00:45.299+00:00 WARN CBAS.recovery.AbstractCheckpointManager [main] Reading checkpoint file: /opt/couchbase/var/lib/couchbase/data/@analytics/v_iodevice_0/txn-log/checkpoint_14
2019-12-02T15:00:45.412+00:00 WARN CBAS.recovery.AbstractCheckpointManager [main] Reading checkpoint file: /opt/couchbase/var/lib/couchbase/data/@analytics/v_iodevice_0/txn-log/checkpoint_12
2019-12-02T15:00:45.421+00:00 WARN CBAS.recovery.AbstractCheckpointManager [main] Reading checkpoint file: /opt/couchbase/var/lib/couchbase/data/@analytics/v_iodevice_0/txn-log/checkpoint_13
2019-12-02T15:00:45.429+00:00 WARN CBAS.recovery.AbstractCheckpointManager [main] Reading checkpoint file: /opt/couchbase/var/lib/couchbase/data/@analytics/v_iodevice_0/txn-log/checkpoint_14
2019-12-02T15:00:45.442+00:00 WARN CBAS.recovery.AbstractCheckpointManager [main] Reading checkpoint file: /opt/couchbase/var/lib/couchbase/data/@analytics/v_iodevice_0/txn-log/checkpoint_12
2019-12-02T15:00:45.447+00:00 WARN CBAS.recovery.AbstractCheckpointManager [main] Reading checkpoint file: /opt/couchbase/var/lib/couchbase/data/@analytics/v_iodevice_0/txn-log/checkpoint_13
2019-12-02T15:00:45.455+00:00 WARN CBAS.recovery.AbstractCheckpointManager [main] Reading checkpoint file: /opt/couchbase/var/lib/couchbase/data/@analytics/v_iodevice_0/txn-log/checkpoint_14
2019-12-02T15:00:47.067+00:00 WARN CBAS.cluster.NodeManager [Worker:ClusterController] +addNode: 1261062758c5b045ef2ab47d2962b13c
2019-12-02T15:00:48.693+00:00 WARN CBAS.server.AnalyticsHttpsServerInitializer [main] Configured SSL Context using configuration {"certificatePath":"/opt/couchbase/var/lib/couchbase/config/memcached-cert.pem","privateKeyPath":"/opt/couchbase/var/lib/couchbase/config/memcached-key.pem","clientCertAuthType":"NONE","supportedCiphers":["TLS_RSA_WITH_AES_128_CBC_SHA","TLS_RSA_WITH_AES_256_CBC_SHA","TLS_ECDHE_ECDSA_WITH_AES_256_CBC_SHA","TLS_ECDHE_RSA_WITH_AES_256_CBC_SHA","TLS_ECDHE_RSA_WITH_AES_128_GCM_SHA256","TLS_ECDHE_ECDSA_WITH_AES_128_GCM_SHA256"],"minTlsVersion":1.0,"supportedProtocols":["TLSv1","TLSv1.1","TLSv1.2"],"clientAuth":"NONE"} and native openssl version: BoringSSL-269484159
2019-12-02T15:00:48.727+00:00 WARN CBAS.recovery.AbstractCheckpointManager [Executor-10:1261062758c5b045ef2ab47d2962b13c] Reading checkpoint file: /opt/couchbase/var/lib/couchbase/data/@analytics/v_iodevice_0/txn-log/checkpoint_12
2019-12-02T15:00:48.736+00:00 WARN CBAS.recovery.AbstractCheckpointManager [Executor-10:1261062758c5b045ef2ab47d2962b13c] Reading checkpoint file: /opt/couchbase/var/lib/couchbase/data/@analytics/v_iodevice_0/txn-log/checkpoint_13
2019-12-02T15:00:48.743+00:00 WARN CBAS.recovery.AbstractCheckpointManager [Executor-10:1261062758c5b045ef2ab47d2962b13c] Reading checkpoint file: /opt/couchbase/var/lib/couchbase/data/@analytics/v_iodevice_0/txn-log/checkpoint_14
2019-12-02T15:00:48.806+00:00 WARN CBAS.recovery.AbstractCheckpointManager [Executor-10:1261062758c5b045ef2ab47d2962b13c] Reading checkpoint file: /opt/couchbase/var/lib/couchbase/data/@analytics/v_iodevice_0/txn-log/checkpoint_12
2019-12-02T15:00:48.812+00:00 WARN CBAS.recovery.AbstractCheckpointManager [Executor-10:1261062758c5b045ef2ab47d2962b13c] Reading checkpoint file: /opt/couchbase/var/lib/couchbase/data/@analytics/v_iodevice_0/txn-log/checkpoint_13
2019-12-02T15:00:48.820+00:00 WARN CBAS.recovery.AbstractCheckpointManager [Executor-10:1261062758c5b045ef2ab47d2962b13c] Reading checkpoint file: /opt/couchbase/var/lib/couchbase/data/@analytics/v_iodevice_0/txn-log/checkpoint_14
2019-12-02T15:00:50.605+00:00 WARN CBAS.recovery.AbstractCheckpointManager [Executor-10:1261062758c5b045ef2ab47d2962b13c] Reading checkpoint file: /opt/couchbase/var/lib/couchbase/data/@analytics/v_iodevice_0/txn-log/checkpoint_15
2019-12-02T15:00:50.612+00:00 WARN CBAS.recovery.AbstractCheckpointManager [Executor-10:1261062758c5b045ef2ab47d2962b13c] Reading checkpoint file: /opt/couchbase/var/lib/couchbase/data/@analytics/v_iodevice_0/txn-log/checkpoint_12
2019-12-02T15:00:50.622+00:00 WARN CBAS.recovery.AbstractCheckpointManager [Executor-10:1261062758c5b045ef2ab47d2962b13c] Reading checkpoint file: /opt/couchbase/var/lib/couchbase/data/@analytics/v_iodevice_0/txn-log/checkpoint_13
2019-12-02T15:00:50.631+00:00 WARN CBAS.recovery.AbstractCheckpointManager [Executor-10:1261062758c5b045ef2ab47d2962b13c] Reading checkpoint file: /opt/couchbase/var/lib/couchbase/data/@analytics/v_iodevice_0/txn-log/checkpoint_14
2019-12-02T15:00:50.636+00:00 WARN CBAS.recovery.AbstractCheckpointManager [Executor-10:1261062758c5b045ef2ab47d2962b13c] Deleting checkpoint file at: /opt/couchbase/var/lib/couchbase/data/@analytics/v_iodevice_0/txn-log/checkpoint_12
2019-12-02T15:00:51.248+00:00 WARN CBAS.rebalance.ReplicationUtil [Executor-3:ClusterController] Couldn't find additional candidate nodes for metadata replicas
2019-12-02T15:16:12.528+00:00 INFO CBAS.bootstrap.AnalyticsNCApplication [main] Starting Couchbase Analytics driver, version: {"build.date":"Mon Oct 07 13:47:00 UTC 2019","build.number":"2895","build.version":"6.0.3-2895"}
2019-12-02T15:16:12.687+00:00 WARN CBAS.recovery.AbstractCheckpointManager [main] Reading checkpoint file: /opt/couchbase/var/lib/couchbase/data/@analytics/v_iodevice_0/txn-log/checkpoint_15
2019-12-02T15:16:12.693+00:00 WARN CBAS.recovery.AbstractCheckpointManager [main] Reading checkpoint file: /opt/couchbase/var/lib/couchbase/data/@analytics/v_iodevice_0/txn-log/checkpoint_13
2019-12-02T15:16:12.700+00:00 WARN CBAS.recovery.AbstractCheckpointManager [main] Reading checkpoint file: /opt/couchbase/var/lib/couchbase/data/@analytics/v_iodevice_0/txn-log/checkpoint_14
2019-12-02T15:16:12.761+00:00 WARN CBAS.recovery.AbstractCheckpointManager [main] Reading checkpoint file: /opt/couchbase/var/lib/couchbase/data/@analytics/v_iodevice_0/txn-log/checkpoint_15
2019-12-02T15:16:12.768+00:00 WARN CBAS.recovery.AbstractCheckpointManager [main] Reading checkpoint file: /opt/couchbase/var/lib/couchbase/data/@analytics/v_iodevice_0/txn-log/checkpoint_13
2019-12-02T15:16:12.783+00:00 WARN CBAS.recovery.AbstractCheckpointManager [main] Reading checkpoint file: /opt/couchbase/var/lib/couchbase/data/@analytics/v_iodevice_0/txn-log/checkpoint_14
2019-12-02T15:16:12.904+00:00 WARN CBAS.recovery.AbstractCheckpointManager [main] Reading checkpoint file: /opt/couchbase/var/lib/couchbase/data/@analytics/v_iodevice_0/txn-log/checkpoint_15
2019-12-02T15:16:12.910+00:00 WARN CBAS.recovery.AbstractCheckpointManager [main] Reading checkpoint file: /opt/couchbase/var/lib/couchbase/data/@analytics/v_iodevice_0/txn-log/checkpoint_13
2019-12-02T15:16:12.915+00:00 WARN CBAS.recovery.AbstractCheckpointManager [main] Reading checkpoint file: /opt/couchbase/var/lib/couchbase/data/@analytics/v_iodevice_0/txn-log/checkpoint_14
2019-12-02T15:16:12.928+00:00 WARN CBAS.recovery.AbstractCheckpointManager [main] Reading checkpoint file: /opt/couchbase/var/lib/couchbase/data/@analytics/v_iodevice_0/txn-log/checkpoint_15
2019-12-02T15:16:12.933+00:00 WARN CBAS.recovery.AbstractCheckpointManager [main] Reading checkpoint file: /opt/couchbase/var/lib/couchbase/data/@analytics/v_iodevice_0/txn-log/checkpoint_13
2019-12-02T15:16:12.940+00:00 WARN CBAS.recovery.AbstractCheckpointManager [main] Reading checkpoint file: /opt/couchbase/var/lib/couchbase/data/@analytics/v_iodevice_0/txn-log/checkpoint_14
2019-12-02T15:16:14.590+00:00 WARN CBAS.cluster.NodeManager [Worker:ClusterController] +addNode: 1261062758c5b045ef2ab47d2962b13c
2019-12-02T15:16:16.164+00:00 WARN CBAS.server.AnalyticsHttpsServerInitializer [main] Configured SSL Context using configuration {"certificatePath":"/opt/couchbase/var/lib/couchbase/config/memcached-cert.pem","privateKeyPath":"/opt/couchbase/var/lib/couchbase/config/memcached-key.pem","clientCertAuthType":"NONE","supportedCiphers":["TLS_RSA_WITH_AES_128_CBC_SHA","TLS_RSA_WITH_AES_256_CBC_SHA","TLS_ECDHE_ECDSA_WITH_AES_256_CBC_SHA","TLS_ECDHE_RSA_WITH_AES_256_CBC_SHA","TLS_ECDHE_RSA_WITH_AES_128_GCM_SHA256","TLS_ECDHE_ECDSA_WITH_AES_128_GCM_SHA256"],"minTlsVersion":1.0,"supportedProtocols":["TLSv1","TLSv1.1","TLSv1.2"],"clientAuth":"NONE"} and native openssl version: BoringSSL-269484159
2019-12-02T15:16:16.195+00:00 WARN CBAS.recovery.AbstractCheckpointManager [Executor-9:1261062758c5b045ef2ab47d2962b13c] Reading checkpoint file: /opt/couchbase/var/lib/couchbase/data/@analytics/v_iodevice_0/txn-log/checkpoint_15
2019-12-02T15:16:16.201+00:00 WARN CBAS.recovery.AbstractCheckpointManager [Executor-9:1261062758c5b045ef2ab47d2962b13c] Reading checkpoint file: /opt/couchbase/var/lib/couchbase/data/@analytics/v_iodevice_0/txn-log/checkpoint_13
2019-12-02T15:16:16.207+00:00 WARN CBAS.recovery.AbstractCheckpointManager [Executor-9:1261062758c5b045ef2ab47d2962b13c] Reading checkpoint file: /opt/couchbase/var/lib/couchbase/data/@analytics/v_iodevice_0/txn-log/checkpoint_14
2019-12-02T15:16:16.306+00:00 WARN CBAS.recovery.AbstractCheckpointManager [Executor-9:1261062758c5b045ef2ab47d2962b13c] Reading checkpoint file: /opt/couchbase/var/lib/couchbase/data/@analytics/v_iodevice_0/txn-log/checkpoint_15
2019-12-02T15:16:16.310+00:00 WARN CBAS.recovery.AbstractCheckpointManager [Executor-9:1261062758c5b045ef2ab47d2962b13c] Reading checkpoint file: /opt/couchbase/var/lib/couchbase/data/@analytics/v_iodevice_0/txn-log/checkpoint_13
2019-12-02T15:16:16.314+00:00 WARN CBAS.recovery.AbstractCheckpointManager [Executor-9:1261062758c5b045ef2ab47d2962b13c] Reading checkpoint file: /opt/couchbase/var/lib/couchbase/data/@analytics/v_iodevice_0/txn-log/checkpoint_14
2019-12-02T15:16:18.120+00:00 WARN CBAS.recovery.AbstractCheckpointManager [Executor-9:1261062758c5b045ef2ab47d2962b13c] Reading checkpoint file: /opt/couchbase/var/lib/couchbase/data/@analytics/v_iodevice_0/txn-log/checkpoint_15
2019-12-02T15:16:18.124+00:00 WARN CBAS.recovery.AbstractCheckpointManager [Executor-9:1261062758c5b045ef2ab47d2962b13c] Reading checkpoint file: /opt/couchbase/var/lib/couchbase/data/@analytics/v_iodevice_0/txn-log/checkpoint_13
2019-12-02T15:16:18.129+00:00 WARN CBAS.recovery.AbstractCheckpointManager [Executor-9:1261062758c5b045ef2ab47d2962b13c] Reading checkpoint file: /opt/couchbase/var/lib/couchbase/data/@analytics/v_iodevice_0/txn-log/checkpoint_14
2019-12-02T15:16:18.134+00:00 WARN CBAS.recovery.AbstractCheckpointManager [Executor-9:1261062758c5b045ef2ab47d2962b13c] Reading checkpoint file: /opt/couchbase/var/lib/couchbase/data/@analytics/v_iodevice_0/txn-log/checkpoint_16
2019-12-02T15:16:18.139+00:00 WARN CBAS.recovery.AbstractCheckpointManager [Executor-9:1261062758c5b045ef2ab47d2962b13c] Deleting checkpoint file at: /opt/couchbase/var/lib/couchbase/data/@analytics/v_iodevice_0/txn-log/checkpoint_13
2019-12-02T15:16:18.638+00:00 WARN CBAS.rebalance.ReplicationUtil [Executor-3:ClusterController] Couldn't find additional candidate nodes for metadata replicas
